[06:16:44.016] [INFO]: Loading config 'startup.json'.
[06:16:56.600] [INFO]: Loaded plugins: almostunified:common, almostunified:neoforge
[06:17:03.571] [WARN]: Reload detected. Reconstructing runtime.
[06:17:03.573] [INFO]: Loading config 'debug.json'.
[06:17:03.575] [INFO]: Loading config 'placeholders.json'.
[06:17:03.578] [INFO]: Loading config 'tags.json'.
[06:17:03.590] [WARN]: The following mods are used in unification settings, but are not loaded: [biggerreactors]
[06:17:03.618] [INFO]: [AutoHiding] Hiding 3/4 items for tag '#c:plates/aluminum' -> [immersiveengineering:plate_aluminum, xycraft_machines:aluminum_sheet, modern_industrialization:aluminum_plate]
[06:17:03.618] [INFO]: [AutoHiding] Hiding 4/5 items for tag '#c:ingots/bronze' -> [railcraft:bronze_ingot, modern_industrialization:bronze_ingot, mekanism:ingot_bronze, silentgear:bronze_ingot]
[06:17:03.618] [INFO]: [AutoHiding] Hiding 2/3 items for tag '#c:nuggets/invar' -> [modern_industrialization:invar_nugget, railcraft:invar_nugget]
[06:17:03.618] [INFO]: [AutoHiding] Hiding 1/2 items for tag '#c:raw_materials/iridium' -> [modern_industrialization:raw_iridium]
[06:17:03.618] [INFO]: [AutoHiding] Hiding 1/2 items for tag '#c:ingots/constantan' -> [immersiveengineering:ingot_constantan]
[06:17:03.619] [INFO]: [AutoHiding] Hiding 2/3 items for tag '#c:gears/invar' -> [modern_industrialization:invar_gear, railcraft:invar_gear]
[06:17:03.619] [INFO]: [AutoHiding] Hiding 4/7 items for tag '#c:ores/gold' -> [undergarden:depthrock_gold_ore, alltheores:other_gold_ore, deeperdarker:gloomslate_gold_ore, deeperdarker:sculk_stone_gold_ore]
[06:17:03.619] [INFO]: [AutoHiding] Hiding 1/2 items for tag '#c:storage_blocks/brass' -> [railcraft:brass_block]
[06:17:03.619] [INFO]: [AutoHiding] Hiding 2/3 items for tag '#c:storage_blocks/raw_aluminum' -> [immersiveengineering:raw_block_aluminum, xycraft_world:raw_aluminum_block]
[06:17:03.620] [INFO]: [AutoHiding] Hiding 4/7 items for tag '#c:ores/osmium' -> [alltheores:end_osmium_ore, mekanism:deepslate_osmium_ore, mekanism:osmium_ore, alltheores:other_osmium_ore]
[06:17:03.620] [INFO]: [AutoHiding] Hiding 4/5 items for tag '#c:storage_blocks/lead' -> [modern_industrialization:lead_block, immersiveengineering:storage_lead, railcraft:lead_block, mekanism:block_lead]
[06:17:03.620] [INFO]: [AutoHiding] Hiding 1/2 items for tag '#c:rods/uranium' -> [modern_industrialization:uranium_rod]
[06:17:03.620] [INFO]: [AutoHiding] Hiding 2/3 items for tag '#c:plates/electrum' -> [immersiveengineering:plate_electrum, modern_industrialization:electrum_plate]
[06:17:03.620] [INFO]: [AutoHiding] Hiding 1/2 items for tag '#c:dusts/ruby' -> [modern_industrialization:ruby_dust]
[06:17:03.620] [INFO]: [AutoHiding] Hiding 1/2 items for tag '#c:rods/invar' -> [modern_industrialization:invar_rod]
[06:17:03.620] [INFO]: [AutoHiding] Hiding 1/2 items for tag '#c:raw_materials/osmium' -> [mekanism:raw_osmium]
[06:17:03.621] [INFO]: [AutoHiding] Hiding 4/5 items for tag '#c:nuggets/silver' -> [occultism:silver_nugget, immersiveengineering:nugget_silver, modern_industrialization:silver_nugget, railcraft:silver_nugget]
[06:17:03.621] [INFO]: [AutoHiding] Hiding 1/2 items for tag '#c:nuggets/platinum' -> [modern_industrialization:platinum_nugget]
[06:17:03.621] [INFO]: [AutoHiding] Hiding 3/4 items for tag '#c:ingots/nickel' -> [modern_industrialization:nickel_ingot, railcraft:nickel_ingot, immersiveengineering:ingot_nickel]
[06:17:03.621] [INFO]: [AutoHiding] Hiding 1/2 items for tag '#c:storage_blocks/platinum' -> [modern_industrialization:platinum_block]
[06:17:03.621] [INFO]: [AutoHiding] Hiding 4/5 items for tag '#c:storage_blocks/silver' -> [railcraft:silver_block, occultism:silver_block, immersiveengineering:storage_silver, modern_industrialization:silver_block]
[06:17:03.621] [INFO]: [AutoHiding] Hiding 2/3 items for tag '#c:gears/bronze' -> [modern_industrialization:bronze_gear, railcraft:bronze_gear]
[06:17:03.621] [INFO]: [AutoHiding] Hiding 3/4 items for tag '#c:raw_materials/nickel' -> [modern_industrialization:raw_nickel, immersiveengineering:raw_nickel, railcraft:nickel_raw]
[06:17:03.621] [INFO]: [AutoHiding] Hiding 3/4 items for tag '#c:dusts/diamond' -> [appflux:diamond_dust, modern_industrialization:diamond_dust, mekanism:dust_diamond]
[06:17:03.622] [INFO]: [AutoHiding] Hiding 3/4 items for tag '#c:plates/steel' -> [railcraft:steel_plate, immersiveengineering:plate_steel, modern_industrialization:steel_plate]
[06:17:03.622] [INFO]: [AutoHiding] Hiding 3/4 items for tag '#c:dusts/silver' -> [modern_industrialization:silver_dust, immersiveengineering:dust_silver, occultism:silver_dust]
[06:17:03.631] [INFO]: [AutoHiding] Hiding 8/11 items for tag '#c:ores/silver' -> [occultism:silver_ore, railcraft:deepslate_silver_ore, immersiveengineering:ore_silver, alltheores:end_silver_ore, alltheores:other_silver_ore, railcraft:silver_ore, immersiveengineering:deepslate_ore_silver, occultism:silver_ore_deepslate]
[06:17:03.632] [INFO]: [AutoHiding] Hiding 1/2 items for tag '#c:ingots/iridium' -> [modern_industrialization:iridium_ingot]
[06:17:03.632] [INFO]: [AutoHiding] Hiding 2/3 items for tag '#c:gears/copper' -> [railcraft:copper_gear, modern_industrialization:copper_gear]
[06:17:03.633] [INFO]: [AutoHiding] Hiding 2/3 items for tag '#c:ingots/electrum' -> [modern_industrialization:electrum_ingot, immersiveengineering:ingot_electrum]
[06:17:03.633] [INFO]: [AutoHiding] Hiding 4/5 items for tag '#c:ingots/uranium' -> [immersiveengineering:ingot_uranium, modern_industrialization:uranium_ingot, bigreactors:yellorium_ingot, mekanism:ingot_uranium]
[06:17:03.633] [INFO]: [AutoHiding] Hiding 8/11 items for tag '#c:ores/tin' -> [railcraft:deepslate_tin_ore, mekanism:tin_ore, modern_industrialization:tin_ore, alltheores:other_tin_ore, alltheores:end_tin_ore, railcraft:tin_ore, mekanism:deepslate_tin_ore, modern_industrialization:deepslate_tin_ore]
[06:17:03.634] [INFO]: [AutoHiding] Hiding 1/2 items for tag '#c:rods/tin' -> [modern_industrialization:tin_rod]
[06:17:03.634] [INFO]: [AutoHiding] Hiding 3/4 items for tag '#c:storage_blocks/raw_uranium' -> [mekanism:block_raw_uranium, modern_industrialization:raw_uranium_block, immersiveengineering:raw_block_uranium]
[06:17:03.634] [INFO]: [AutoHiding] Hiding 1/2 items for tag '#c:raw_materials/platinum' -> [modern_industrialization:raw_platinum]
[06:17:03.634] [INFO]: [AutoHiding] Hiding 3/4 items for tag '#c:plates/silver' -> [modern_industrialization:silver_plate, railcraft:silver_plate, immersiveengineering:plate_silver]
[06:17:03.635] [INFO]: [AutoHiding] Hiding 3/4 items for tag '#c:gears/gold' -> [railcraft:gold_gear, industrialforegoing:gold_gear, modern_industrialization:gold_gear]
[06:17:03.635] [INFO]: [AutoHiding] Hiding 2/3 items for tag '#c:storage_blocks/invar' -> [railcraft:invar_block, modern_industrialization:invar_block]
[06:17:03.635] [INFO]: [AutoHiding] Hiding 1/2 items for tag '#c:storage_blocks/zinc' -> [railcraft:zinc_block]
[06:17:03.635] [INFO]: [AutoHiding] Hiding 2/3 items for tag '#c:storage_blocks/electrum' -> [immersiveengineering:storage_electrum, modern_industrialization:electrum_block]
[06:17:03.635] [INFO]: [AutoHiding] Hiding 2/3 items for tag '#c:dusts/aluminum' -> [modern_industrialization:aluminum_dust, immersiveengineering:dust_aluminum]
[06:17:03.636] [INFO]: [AutoHiding] Hiding 2/3 items for tag '#c:plates/bronze' -> [railcraft:bronze_plate, modern_industrialization:bronze_plate]
[06:17:03.636] [INFO]: [AutoHiding] Hiding 1/2 items for tag '#c:plates/uranium' -> [immersiveengineering:plate_uranium]
[06:17:03.637] [INFO]: [AutoHiding] Hiding 1/2 items for tag '#c:storage_blocks/constantan' -> [immersiveengineering:storage_constantan]
[06:17:03.637] [INFO]: [AutoHiding] Hiding 3/4 items for tag '#c:storage_blocks/raw_silver' -> [immersiveengineering:raw_block_silver, modern_industrialization:raw_silver_block, occultism:raw_silver_block]
[06:17:03.637] [INFO]: [AutoHiding] Hiding 1/2 items for tag '#c:plates/constantan' -> [immersiveengineering:plate_constantan]
[06:17:03.638] [INFO]: [AutoHiding] Hiding 1/2 items for tag '#c:storage_blocks/iridium' -> [modern_industrialization:iridium_block]
[06:17:03.638] [INFO]: [AutoHiding] Hiding 2/3 items for tag '#c:rods/aluminum' -> [modern_industrialization:aluminum_rod, immersiveengineering:stick_aluminum]
[06:17:03.638] [INFO]: [AutoHiding] Hiding 1/2 items for tag '#c:dusts/platinum' -> [modern_industrialization:platinum_dust]
[06:17:03.638] [INFO]: [AutoHiding] Hiding 3/4 items for tag '#c:raw_materials/uranium' -> [modern_industrialization:raw_uranium, immersiveengineering:raw_uranium, mekanism:raw_uranium]
[06:17:03.639] [INFO]: [AutoHiding] Hiding 1/2 items for tag '#c:nuggets/iridium' -> [modern_industrialization:iridium_nugget]
[06:17:03.639] [INFO]: [AutoHiding] Hiding 3/4 items for tag '#c:plates/nickel' -> [railcraft:nickel_plate, modern_industrialization:nickel_plate, immersiveengineering:plate_nickel]
[06:17:03.639] [INFO]: [AutoHiding] Hiding 3/4 items for tag '#c:plates/lead' -> [modern_industrialization:lead_plate, immersiveengineering:plate_lead, railcraft:lead_plate]
[06:17:03.639] [INFO]: [AutoHiding] Hiding 3/4 items for tag '#c:raw_materials/tin' -> [mekanism:raw_tin, railcraft:tin_raw, modern_industrialization:raw_tin]
[06:17:03.640] [INFO]: [AutoHiding] Hiding 3/4 items for tag '#c:nuggets/tin' -> [mekanism:nugget_tin, modern_industrialization:tin_nugget, railcraft:tin_nugget]
[06:17:03.640] [INFO]: [AutoHiding] Hiding 1/2 items for tag '#c:dusts/osmium' -> [mekanism:dust_osmium]
[06:17:03.640] [INFO]: [AutoHiding] Hiding 2/3 items for tag '#c:ingots/invar' -> [railcraft:invar_ingot, modern_industrialization:invar_ingot]
[06:17:03.640] [INFO]: [AutoHiding] Hiding 1/2 items for tag '#c:dusts/netherite' -> [extended_industrialization:netherite_dust]
[06:17:03.640] [INFO]: [AutoHiding] Hiding 3/4 items for tag '#c:ingots/aluminum' -> [immersiveengineering:ingot_aluminum, modern_industrialization:aluminum_ingot, xycraft_world:aluminum_ingot]
[06:17:03.641] [INFO]: [AutoHiding] Hiding 1/2 items for tag '#c:plates/platinum' -> [modern_industrialization:platinum_plate]
[06:17:03.641] [INFO]: [AutoHiding] Hiding 4/7 items for tag '#c:ores/iridium' -> [alltheores:other_iridium_ore, modern_industrialization:deepslate_iridium_ore, modern_industrialization:iridium_ore, alltheores:end_iridium_ore]
[06:17:03.642] [INFO]: [AutoHiding] Hiding 1/2 items for tag '#c:storage_blocks/fluorite' -> [mekanism:block_fluorite]
[06:17:03.642] [INFO]: [AutoHiding] Hiding 1/3 items for tag '#c:ores/sulfur' -> [railcraft:sulfur_ore]
[06:17:03.642] [INFO]: [AutoHiding] Hiding 5/6 items for tag '#c:dusts/gold' -> [mekanism:dust_gold, occultism:gold_dust, enderio:powdered_gold, modern_industrialization:gold_dust, immersiveengineering:dust_gold]
[06:17:03.643] [INFO]: [AutoHiding] Hiding 1/2 items for tag '#c:silicon' -> [enderio:silicon]
[06:17:03.643] [INFO]: [AutoHiding] Hiding 2/3 items for tag '#c:storage_blocks/raw_nickel' -> [modern_industrialization:raw_nickel_block, immersiveengineering:raw_block_nickel]
[06:17:03.643] [INFO]: [AutoHiding] Hiding 1/2 items for tag '#c:ingots/brass' -> [railcraft:brass_ingot]
[06:17:03.643] [INFO]: [AutoHiding] Hiding 2/3 items for tag '#c:dusts/nickel' -> [immersiveengineering:dust_nickel, modern_industrialization:nickel_dust]
[06:17:03.644] [INFO]: [AutoHiding] Hiding 2/3 items for tag '#c:storage_blocks/raw_tin' -> [modern_industrialization:raw_tin_block, mekanism:block_raw_tin]
[06:17:03.645] [INFO]: [AutoHiding] Hiding 1/2 items for tag '#c:storage_blocks/raw_osmium' -> [mekanism:block_raw_osmium]
[06:17:03.645] [INFO]: [AutoHiding] Hiding 1/2 items for tag '#c:gems/fluorite' -> [mekanism:fluorite_gem]
[06:17:03.645] [INFO]: [AutoHiding] Hiding 1/2 items for tag '#c:plates/zinc' -> [railcraft:zinc_plate]
[06:17:03.650] [INFO]: [AutoHiding] Hiding 2/3 items for tag '#c:plates/invar' -> [railcraft:invar_plate, modern_industrialization:invar_plate]
[06:17:03.651] [INFO]: [AutoHiding] Hiding 1/2 items for tag '#c:rods/bronze' -> [modern_industrialization:bronze_rod]
[06:17:03.651] [INFO]: [AutoHiding] Hiding 2/3 items for tag '#c:nuggets/electrum' -> [modern_industrialization:electrum_nugget, immersiveengineering:nugget_electrum]
[06:17:03.654] [INFO]: [AutoHiding] Hiding 3/4 items for tag '#c:storage_blocks/uranium' -> [immersiveengineering:storage_uranium, modern_industrialization:uranium_block, mekanism:block_uranium]
[06:17:03.655] [INFO]: [AutoHiding] Hiding 1/2 items for tag '#c:rods/copper' -> [modern_industrialization:copper_rod]
[06:17:03.655] [INFO]: [AutoHiding] Hiding 1/2 items for tag '#c:rods/gold' -> [modern_industrialization:gold_rod]
[06:17:03.655] [INFO]: [AutoHiding] Hiding 3/4 items for tag '#c:storage_blocks/tin' -> [railcraft:tin_block, modern_industrialization:tin_block, mekanism:block_tin]
[06:17:03.655] [INFO]: [AutoHiding] Hiding 3/4 items for tag '#c:storage_blocks/nickel' -> [railcraft:nickel_block, modern_industrialization:nickel_block, immersiveengineering:storage_nickel]
[06:17:03.655] [INFO]: [AutoHiding] Hiding 3/4 items for tag '#c:nuggets/aluminum' -> [modern_industrialization:aluminum_nugget, immersiveengineering:nugget_aluminum, xycraft_world:aluminum_nugget]
[06:17:03.655] [INFO]: [AutoHiding] Hiding 1/2 items for tag '#c:gears/aluminum' -> [modern_industrialization:aluminum_gear]
[06:17:03.656] [INFO]: [AutoHiding] Hiding 2/3 items for tag '#c:dusts/emerald' -> [modern_industrialization:emerald_dust, appflux:emerald_dust]
[06:17:03.656] [INFO]: [AutoHiding] Hiding 2/3 items for tag '#c:dusts/lapis' -> [enderio:powdered_lapis_lazuli, modern_industrialization:lapis_dust]
[06:17:03.658] [INFO]: [AutoHiding] Hiding 10/13 items for tag '#c:ores/lead' -> [modern_industrialization:deepslate_lead_ore, alltheores:end_lead_ore, railcraft:deepslate_lead_ore, modern_industrialization:lead_ore, mekanism:lead_ore, alltheores:other_lead_ore, railcraft:lead_ore, immersiveengineering:ore_lead, mekanism:deepslate_lead_ore, immersiveengineering:deepslate_ore_lead]
[06:17:03.658] [INFO]: [AutoHiding] Hiding 1/2 items for tag '#c:gears/silver' -> [railcraft:silver_gear]
[06:17:03.658] [INFO]: [AutoHiding] Hiding 3/4 items for tag '#c:nuggets/bronze' -> [modern_industrialization:bronze_nugget, railcraft:bronze_nugget, mekanism:nugget_bronze]
[06:17:03.659] [INFO]: [AutoHiding] Hiding 1/2 items for tag '#c:storage_blocks/raw_iridium' -> [modern_industrialization:raw_iridium_block]
[06:17:03.659] [INFO]: [AutoHiding] Hiding 1/3 items for tag '#c:ores/fluorite' -> [mekanism:fluorite_ore]
[06:17:03.659] [INFO]: [AutoHiding] Hiding 2/3 items for tag '#c:raw_materials/aluminum' -> [xycraft_world:raw_aluminum, immersiveengineering:raw_aluminum]
[06:17:03.659] [INFO]: [AutoHiding] Hiding 1/2 items for tag '#c:ingots/platinum' -> [modern_industrialization:platinum_ingot]
[06:17:03.659] [INFO]: [AutoHiding] Hiding 1/2 items for tag '#c:nuggets/brass' -> [railcraft:brass_nugget]
[06:17:03.660] [INFO]: [AutoHiding] Hiding 3/4 items for tag '#c:dusts/uranium' -> [immersiveengineering:dust_uranium, modern_industrialization:uranium_dust, mekanism:dust_uranium]
[06:17:03.660] [INFO]: [AutoHiding] Hiding 1/2 items for tag '#c:storage_blocks/raw_platinum' -> [modern_industrialization:raw_platinum_block]
[06:17:03.660] [INFO]: [AutoHiding] Hiding 1/2 items for tag '#c:gears/brass' -> [railcraft:brass_gear]
[06:17:03.660] [INFO]: [AutoHiding] Hiding 2/3 items for tag '#c:gears/tin' -> [railcraft:tin_gear, modern_industrialization:tin_gear]
[06:17:03.662] [INFO]: [AutoHiding] Hiding 4/5 items for tag '#c:plates/iron' -> [modern_industrialization:iron_plate, xycraft_machines:iron_sheet, railcraft:iron_plate, immersiveengineering:plate_iron]
[06:17:03.662] [INFO]: [AutoHiding] Hiding 4/5 items for tag '#c:ingots/lead' -> [immersiveengineering:ingot_lead, mekanism:ingot_lead, modern_industrialization:lead_ingot, railcraft:lead_ingot]
[06:17:03.662] [INFO]: [AutoHiding] Hiding 4/5 items for tag '#c:nuggets/copper' -> [immersiveengineering:nugget_copper, modern_industrialization:copper_nugget, everythingcopper:copper_nugget, pneumaticcraft:copper_nugget]
[06:17:03.663] [INFO]: [AutoHiding] Hiding 3/4 items for tag '#c:ingots/tin' -> [railcraft:tin_ingot, mekanism:ingot_tin, modern_industrialization:tin_ingot]
[06:17:03.663] [INFO]: [AutoHiding] Hiding 4/7 items for tag '#c:ores/zinc' -> [railcraft:zinc_ore, alltheores:other_zinc_ore, railcraft:deepslate_zinc_ore, alltheores:end_zinc_ore]
[06:17:03.663] [INFO]: [AutoHiding] Hiding 1/2 items for tag '#c:storage_blocks/osmium' -> [mekanism:block_osmium]
[06:17:03.663] [INFO]: [AutoHiding] Hiding 5/6 items for tag '#c:dusts/copper' -> [enderio:powdered_copper, immersiveengineering:dust_copper, mekanism:dust_copper, modern_industrialization:copper_dust, occultism:copper_dust]
[06:17:03.663] [INFO]: [AutoHiding] Hiding 1/2 items for tag '#c:plates/iridium' -> [modern_industrialization:iridium_plate]
[06:17:03.664] [INFO]: [AutoHiding] Hiding 4/5 items for tag '#c:gears/iron' -> [industrialforegoing:iron_gear, modern_industrialization:iron_gear, enderio:iron_gear, railcraft:iron_gear]
[06:17:03.665] [INFO]: [AutoHiding] Hiding 1/2 items for tag '#c:dusts/invar' -> [modern_industrialization:invar_dust]
[06:17:03.665] [INFO]: [AutoHiding] Hiding 1/2 items for tag '#c:dusts/constantan' -> [immersiveengineering:dust_constantan]
[06:17:03.666] [INFO]: [AutoHiding] Hiding 3/4 items for tag '#c:storage_blocks/raw_lead' -> [immersiveengineering:raw_block_lead, mekanism:block_raw_lead, modern_industrialization:raw_lead_block]
[06:17:03.666] [INFO]: [AutoHiding] Hiding 1/2 items for tag '#c:nuggets/constantan' -> [immersiveengineering:nugget_constantan]
[06:17:03.666] [INFO]: [AutoHiding] Hiding 1/2 items for tag '#c:dusts/iridium' -> [modern_industrialization:iridium_dust]
[06:17:03.666] [INFO]: [AutoHiding] Hiding 2/3 items for tag '#c:dusts/bronze' -> [mekanism:dust_bronze, modern_industrialization:bronze_dust]
[06:17:03.668] [INFO]: [AutoHiding] Hiding 7/10 items for tag '#c:ores/aluminum' -> [xycraft_world:aluminum_ore_stone, xycraft_world:aluminum_ore_deepslate, alltheores:other_aluminum_ore, xycraft_world:aluminum_ore_kivi, immersiveengineering:deepslate_ore_aluminum, alltheores:end_aluminum_ore, immersiveengineering:ore_aluminum]
[06:17:03.670] [INFO]: [AutoHiding] Hiding 5/6 items for tag '#c:dusts/iron' -> [mekanism:dust_iron, modern_industrialization:iron_dust, occultism:iron_dust, enderio:powdered_iron, immersiveengineering:dust_iron]
[06:17:03.671] [INFO]: [AutoHiding] Hiding 3/4 items for tag '#c:rods/iron' -> [modern_industrialization:iron_rod, silentgear:iron_rod, immersiveengineering:stick_iron]
[06:17:03.671] [INFO]: [AutoHiding] Hiding 2/3 items for tag '#c:dusts/electrum' -> [immersiveengineering:dust_electrum, modern_industrialization:electrum_dust]
[06:17:03.671] [INFO]: [AutoHiding] Hiding 1/2 items for tag '#c:plates/diamond' -> [modern_industrialization:diamond_plate]
[06:17:03.671] [INFO]: [AutoHiding] Hiding 1/2 items for tag '#c:nuggets/zinc' -> [railcraft:zinc_nugget]
[06:17:03.672] [INFO]: [AutoHiding] Hiding 4/5 items for tag '#c:plates/copper' -> [railcraft:copper_plate, modern_industrialization:copper_plate, immersiveengineering:plate_copper, xycraft_machines:copper_sheet]
[06:17:03.673] [INFO]: [AutoHiding] Hiding 3/4 items for tag '#c:dusts/steel' -> [mekanism:dust_steel, immersiveengineering:dust_steel, modern_industrialization:steel_dust]
[06:17:03.673] [INFO]: [AutoHiding] Hiding 5/6 items for tag '#c:ingots/steel' -> [railcraft:steel_ingot, mekanism:ingot_steel, immersiveengineering:ingot_steel, modern_industrialization:steel_ingot, mffs:steel_ingot]
[06:17:03.674] [INFO]: [AutoHiding] Hiding 3/4 items for tag '#c:storage_blocks/aluminum' -> [xycraft_world:aluminum_storage, modern_industrialization:aluminum_block, immersiveengineering:storage_aluminum]
[06:17:03.674] [INFO]: [AutoHiding] Hiding 5/7 items for tag '#c:ores/iron' -> [undergarden:shiverstone_iron_ore, undergarden:depthrock_iron_ore, alltheores:other_iron_ore, deeperdarker:gloomslate_iron_ore, deeperdarker:sculk_stone_iron_ore]
[06:17:03.675] [INFO]: [AutoHiding] Hiding 4/5 items for tag '#c:raw_materials/silver' -> [immersiveengineering:raw_silver, railcraft:silver_raw, occultism:raw_silver, modern_industrialization:raw_silver]
[06:17:03.675] [INFO]: [AutoHiding] Hiding 3/5 items for tag '#c:ores/emerald' -> [deeperdarker:sculk_stone_emerald_ore, alltheores:other_emerald_ore, deeperdarker:gloomslate_emerald_ore]
[06:17:03.675] [INFO]: [AutoHiding] Hiding 1/2 items for tag '#c:ingots/zinc' -> [railcraft:zinc_ingot]
[06:17:03.676] [INFO]: [AutoHiding] Hiding 3/5 items for tag '#c:ores/lapis' -> [alltheores:other_lapis_ore, deeperdarker:gloomslate_lapis_ore, deeperdarker:sculk_stone_lapis_ore]
[06:17:03.677] [INFO]: [AutoHiding] Hiding 5/7 items for tag '#c:ores/diamond' -> [undergarden:shiverstone_diamond_ore, alltheores:other_diamond_ore, deeperdarker:sculk_stone_diamond_ore, deeperdarker:gloomslate_diamond_ore, undergarden:depthrock_diamond_ore]
[06:17:03.678] [INFO]: [AutoHiding] Hiding 2/3 items for tag '#c:gears/steel' -> [railcraft:steel_gear, modern_industrialization:steel_gear]
[06:17:03.678] [INFO]: [AutoHiding] Hiding 4/5 items for tag '#c:nuggets/steel' -> [mekanism:nugget_steel, railcraft:steel_nugget, modern_industrialization:steel_nugget, immersiveengineering:nugget_steel]
[06:17:03.678] [INFO]: [AutoHiding] Hiding 3/5 items for tag '#c:ores/copper' -> [deeperdarker:sculk_stone_copper_ore, alltheores:other_copper_ore, deeperdarker:gloomslate_copper_ore]
[06:17:03.679] [INFO]: [AutoHiding] Hiding 8/11 items for tag '#c:ores/nickel' -> [alltheores:end_nickel_ore, railcraft:deepslate_nickel_ore, immersiveengineering:ore_nickel, alltheores:other_nickel_ore, modern_industrialization:deepslate_nickel_ore, railcraft:nickel_ore, immersiveengineering:deepslate_ore_nickel, modern_industrialization:nickel_ore]
[06:17:03.679] [INFO]: [AutoHiding] Hiding 3/4 items for tag '#c:storage_blocks/bronze' -> [railcraft:bronze_block, mekanism:block_bronze, modern_industrialization:bronze_block]
[06:17:03.681] [INFO]: [AutoHiding] Hiding 1/2 items for tag '#c:gears/lead' -> [railcraft:lead_gear]
[06:17:03.681] [INFO]: [AutoHiding] Hiding 1/2 items for tag '#c:raw_materials/zinc' -> [railcraft:zinc_raw]
[06:17:03.681] [INFO]: [AutoHiding] Hiding 4/5 items for tag '#c:nuggets/lead' -> [modern_industrialization:lead_nugget, mekanism:nugget_lead, immersiveengineering:nugget_lead, railcraft:lead_nugget]
[06:17:03.682] [INFO]: [AutoHiding] Hiding 3/4 items for tag '#c:dusts/obsidian' -> [enderio:powdered_obsidian, railcraft:obsidian_dust, occultism:obsidian_dust]
[06:17:03.682] [INFO]: [AutoHiding] Hiding 1/2 items for tag '#c:ingots/osmium' -> [mekanism:ingot_osmium]
[06:17:03.682] [INFO]: [AutoHiding] Hiding 4/5 items for tag '#c:storage_blocks/steel' -> [modern_industrialization:steel_block, mekanism:block_steel, railcraft:steel_block, immersiveengineering:storage_steel]
[06:17:03.682] [INFO]: [AutoHiding] Hiding 1/2 items for tag '#c:gears/diamond' -> [industrialforegoing:diamond_gear]
[06:17:03.682] [INFO]: [AutoHiding] Hiding 4/5 items for tag '#c:raw_materials/lead' -> [mekanism:raw_lead, modern_industrialization:raw_lead, immersiveengineering:raw_lead, railcraft:lead_raw]
[06:17:03.683] [INFO]: [AutoHiding] Hiding 2/3 items for tag '#c:plates/tin' -> [railcraft:tin_plate, modern_industrialization:tin_plate]
[06:17:03.686] [INFO]: [AutoHiding] Hiding 4/5 items for tag '#c:plates/gold' -> [railcraft:gold_plate, immersiveengineering:plate_gold, modern_industrialization:gold_plate, xycraft_machines:gold_sheet]
[06:17:03.686] [INFO]: [AutoHiding] Hiding 1/2 items for tag '#c:plates/brass' -> [railcraft:brass_plate]
[06:17:03.687] [INFO]: [AutoHiding] Hiding 3/6 items for tag '#c:ores/platinum' -> [modern_industrialization:platinum_ore, alltheores:end_platinum_ore, alltheores:other_platinum_ore]
[06:17:03.687] [INFO]: [AutoHiding] Hiding 3/4 items for tag '#c:dusts/lead' -> [immersiveengineering:dust_lead, mekanism:dust_lead, modern_industrialization:lead_dust]
[06:17:03.687] [INFO]: [AutoHiding] Hiding 3/4 items for tag '#c:nuggets/uranium' -> [immersiveengineering:nugget_uranium, mekanism:nugget_uranium, modern_industrialization:uranium_nugget]
[06:17:03.687] [INFO]: [AutoHiding] Hiding 4/5 items for tag '#c:dusts/sulfur' -> [immersiveengineering:dust_sulfur, modern_industrialization:sulfur_dust, mekanism:dust_sulfur, railcraft:sulfur_dust]
[06:17:03.688] [INFO]: [AutoHiding] Hiding 1/2 items for tag '#c:nuggets/osmium' -> [mekanism:nugget_osmium]
[06:17:03.688] [INFO]: [AutoHiding] Hiding 9/12 items for tag '#c:ores/uranium' -> [bigreactors:yellorite_ore, modern_industrialization:deepslate_uranium_ore, alltheores:other_uranium_ore, mekanism:deepslate_uranium_ore, mekanism:uranium_ore, immersiveengineering:ore_uranium, alltheores:end_uranium_ore, modern_industrialization:uranium_ore, immersiveengineering:deepslate_ore_uranium]
[06:17:03.688] [INFO]: [AutoHiding] Hiding 1/2 items for tag '#c:gears/zinc' -> [railcraft:zinc_gear]
[06:17:03.688] [INFO]: [AutoHiding] Hiding 1/2 items for tag '#c:gears/nickel' -> [railcraft:nickel_gear]
[06:17:03.688] [INFO]: [AutoHiding] Hiding 3/4 items for tag '#c:nuggets/nickel' -> [immersiveengineering:nugget_nickel, modern_industrialization:nickel_nugget, railcraft:nickel_nugget]
[06:17:03.689] [INFO]: [AutoHiding] Hiding 3/4 items for tag '#c:dusts/tin' -> [mekanism:dust_tin, enderio:powdered_tin, modern_industrialization:tin_dust]
[06:17:03.690] [INFO]: [AutoHiding] Hiding 2/3 items for tag '#c:rods/steel' -> [modern_industrialization:steel_rod, immersiveengineering:stick_steel]
[06:17:03.690] [INFO]: [AutoHiding] Hiding 4/5 items for tag '#c:ingots/silver' -> [modern_industrialization:silver_ingot, railcraft:silver_ingot, occultism:silver_ingot, immersiveengineering:ingot_silver]
[06:17:05.677] [INFO]: Loading config 'duplicates.json'.
[06:17:05.681] [INFO]: Recipe count: 42388
[06:17:13.565] [INFO]: Recipe count afterwards: 41822 (done in 7.883 s)
