[27Oct2024 06:49:10.362] [main/INFO] [cpw.mods.modlauncher.Launcher/MODLAUNCHER]: ModLauncher running: args [--launchTarget, forgeserver, --fml.neoForgeVersion, 21.1.72, --fml.fmlVersion, 4.0.29, --fml.mcVersion, 1.21.1, --fml.neoFormVersion, 20240808.144430, nogui]
[27Oct2024 06:49:10.364] [main/INFO] [cpw.mods.modlauncher.Launcher/MODLAUNCHER]: JVM identified as Microsoft OpenJDK 64-Bit Server VM 21.0.4+7-LTS
[27Oct2024 06:49:10.366] [main/INFO] [cpw.mods.modlauncher.Launcher/MODLAUNCHER]: ModLauncher 11.0.4+main.d2e20e43 starting: java version 21.0.4 by Microsoft; OS Linux arch amd64 version 6.5.0-1025-azure
[27Oct2024 06:49:10.885] [main/INFO] [net.neoforged.fml.loading.ImmediateWindowHandler/]: ImmediateWindowProvider not loading because launch target is forgeserver
[27Oct2024 06:49:10.934] [main/INFO] [mixin/]: SpongePowered MIXIN Subsystem Version=0.8.7 Source=union:/workspaces/minecraft/libraries/net/fabricmc/sponge-mixin/0.15.2+mixin.0.8.7/sponge-mixin-0.15.2+mixin.0.8.7.jar%2375!/ Service=ModLauncher Env=SERVER
[27Oct2024 06:49:11.118] [main/INFO] [net.neoforged.fml.loading.moddiscovery.ModDiscoverer/SCAN]: Found mod file "server-1.21.1-20240808.144430-srg.jar" [locator: production server provider +net.neoforged:neoforge:21.1.72:server]
[27Oct2024 06:49:11.133] [main/INFO] [net.neoforged.fml.loading.moddiscovery.ModDiscoverer/SCAN]: Found mod file "neoforge-21.1.72-universal.jar" [locator: PathBasedLocator[name=neoforge, paths=[libraries/net/neoforged/neoforge/21.1.72/neoforge-21.1.72-universal.jar]], reader: mod manifest]
[27Oct2024 06:49:11.155] [main/INFO] [net.neoforged.fml.loading.moddiscovery.ModDiscoverer/SCAN]: Found mod file "[1.21.1] SecurityCraft v1.9.11.jar" [locator: {mods folder locator at /workspaces/minecraft/mods}, reader: mod manifest]
[27Oct2024 06:49:11.161] [main/INFO] [net.neoforged.fml.loading.moddiscovery.ModDiscoverer/SCAN]: Found mod file "[Neoforge]CTOV-3-5-3a.jar" [locator: {mods folder locator at /workspaces/minecraft/mods}, reader: mod manifest]
[27Oct2024 06:49:11.165] [main/INFO] [net.neoforged.fml.loading.moddiscovery.ModDiscoverer/SCAN]: Found mod file "aae-0.6.1-1.21.1.jar" [locator: {mods folder locator at /workspaces/minecraft/mods}, reader: mod manifest]
[27Oct2024 06:49:11.168] [main/INFO] [net.neoforged.fml.loading.moddiscovery.ModDiscoverer/SCAN]: Found mod file "accelerated-decay-neoforge-21.0.0.jar" [locator: {mods folder locator at /workspaces/minecraft/mods}, reader: mod manifest]
[27Oct2024 06:49:11.172] [main/INFO] [net.neoforged.fml.loading.moddiscovery.ModDiscoverer/SCAN]: Found mod file "ActuallyAdditions-1.3.5+mc1.21.1.jar" [locator: {mods folder locator at /workspaces/minecraft/mods}, reader: mod manifest]
[27Oct2024 06:49:11.175] [main/INFO] [net.neoforged.fml.loading.moddiscovery.ModDiscoverer/SCAN]: Found mod file "additional_lights-neoforge-1.21-2.1.9.jar" [locator: {mods folder locator at /workspaces/minecraft/mods}, reader: mod manifest]
[27Oct2024 06:49:11.189] [main/INFO] [net.neoforged.fml.loading.moddiscovery.ModDiscoverer/SCAN]: Found mod file "AdditionalEnchantedMiner-1.21.1-neoforge-21.1.110.jar" [locator: {mods folder locator at /workspaces/minecraft/mods}, reader: mod manifest]
[27Oct2024 06:49:11.193] [main/INFO] [net.neoforged.fml.loading.moddiscovery.ModDiscoverer/SCAN]: Found mod file "ae2ct-1.21.1-1.0.3-beta.jar" [locator: {mods folder locator at /workspaces/minecraft/mods}, reader: mod manifest]
[27Oct2024 06:49:11.195] [main/INFO] [net.neoforged.fml.loading.moddiscovery.ModDiscoverer/SCAN]: Found mod file "ae2importexportcard-1.21-1.4.0.jar" [locator: {mods folder locator at /workspaces/minecraft/mods}, reader: mod manifest]
[27Oct2024 06:49:11.198] [main/INFO] [net.neoforged.fml.loading.moddiscovery.ModDiscoverer/SCAN]: Found mod file "ae2jeiintegration-1.2.0.jar" [locator: {mods folder locator at /workspaces/minecraft/mods}, reader: mod manifest]
[27Oct2024 06:49:11.200] [main/INFO] [net.neoforged.fml.loading.moddiscovery.ModDiscoverer/SCAN]: Found mod file "AE2NetworkAnalyzer-1.21-2.0.0-neoforge.jar" [locator: {mods folder locator at /workspaces/minecraft/mods}, reader: mod manifest]
[27Oct2024 06:49:11.205] [main/INFO] [net.neoforged.fml.loading.moddiscovery.ModDiscoverer/SCAN]: Found mod file "ae2wtlib-19.1.6-beta.jar" [locator: {mods folder locator at /workspaces/minecraft/mods}, reader: mod manifest]
[27Oct2024 06:49:11.207] [main/INFO] [net.neoforged.fml.loading.moddiscovery.ModDiscoverer/SCAN]: Found mod file "aeinfinitybooster-neoforge-1.21-1.0.1.38.jar" [locator: {mods folder locator at /workspaces/minecraft/mods}, reader: mod manifest]
[27Oct2024 06:49:11.212] [main/INFO] [net.neoforged.fml.loading.moddiscovery.ModDiscoverer/SCAN]: Found mod file "AI-Improvements-1.21-0.5.3.jar" [locator: {mods folder locator at /workspaces/minecraft/mods}, reader: mod manifest]
[27Oct2024 06:49:11.218] [main/INFO] [net.neoforged.fml.loading.moddiscovery.ModDiscoverer/SCAN]: Found mod file "allthearcanistgear-1.21.1-21.0.3.jar" [locator: {mods folder locator at /workspaces/minecraft/mods}, reader: mod manifest]
[27Oct2024 06:49:11.226] [main/INFO] [net.neoforged.fml.loading.moddiscovery.ModDiscoverer/SCAN]: Found mod file "allthecompressed-1.21.1-4.0.2.jar" [locator: {mods folder locator at /workspaces/minecraft/mods}, reader: mod manifest]
[27Oct2024 06:49:11.230] [main/INFO] [net.neoforged.fml.loading.moddiscovery.ModDiscoverer/SCAN]: Found mod file "alltheleaks-0.0.10-beta.jar" [locator: {mods folder locator at /workspaces/minecraft/mods}, reader: mod manifest]
[27Oct2024 06:49:11.233] [main/INFO] [net.neoforged.fml.loading.moddiscovery.ModDiscoverer/SCAN]: Found mod file "allthemodium-2.7.0_mc_1.21.1.jar" [locator: {mods folder locator at /workspaces/minecraft/mods}, reader: mod manifest]
[27Oct2024 06:49:11.236] [main/INFO] [net.neoforged.fml.loading.moddiscovery.ModDiscoverer/SCAN]: Found mod file "alltheores-2.3.6_neoforge_1.21.1.jar" [locator: {mods folder locator at /workspaces/minecraft/mods}, reader: mod manifest]
[27Oct2024 06:49:11.239] [main/INFO] [net.neoforged.fml.loading.moddiscovery.ModDiscoverer/SCAN]: Found mod file "allthetweaks-1.21-2.4.7-all.jar" [locator: {mods folder locator at /workspaces/minecraft/mods}, reader: mod manifest]
[27Oct2024 06:49:11.241] [main/INFO] [net.neoforged.fml.loading.moddiscovery.ModDiscoverer/SCAN]: Found mod file "allthewizardgear-1.21-1.1.7.jar" [locator: {mods folder locator at /workspaces/minecraft/mods}, reader: mod manifest]
[27Oct2024 06:49:11.243] [main/INFO] [net.neoforged.fml.loading.moddiscovery.ModDiscoverer/SCAN]: Found mod file "almanac-1.21.x-neoforge-1.0.2.jar" [locator: {mods folder locator at /workspaces/minecraft/mods}, reader: mod manifest]
[27Oct2024 06:49:11.246] [main/INFO] [net.neoforged.fml.loading.moddiscovery.ModDiscoverer/SCAN]: Found mod file "almostunified-neoforge-1.21.1-1.2.0.jar" [locator: {mods folder locator at /workspaces/minecraft/mods}, reader: mod manifest]
[27Oct2024 06:49:11.248] [main/INFO] [net.neoforged.fml.loading.moddiscovery.ModDiscoverer/SCAN]: Found mod file "antiblocksrechiseled-neo-0.10.4.jar" [locator: {mods folder locator at /workspaces/minecraft/mods}, reader: mod manifest]
[27Oct2024 06:49:11.250] [main/INFO] [net.neoforged.fml.loading.moddiscovery.ModDiscoverer/SCAN]: Found mod file "ApothicAttributes-1.21.1-2.4.0.jar" [locator: {mods folder locator at /workspaces/minecraft/mods}, reader: mod manifest]
[27Oct2024 06:49:11.252] [main/INFO] [net.neoforged.fml.loading.moddiscovery.ModDiscoverer/SCAN]: Found mod file "ApothicEnchanting-1.21.1-1.2.3.jar" [locator: {mods folder locator at /workspaces/minecraft/mods}, reader: mod manifest]
[27Oct2024 06:49:11.254] [main/INFO] [net.neoforged.fml.loading.moddiscovery.ModDiscoverer/SCAN]: Found mod file "ApothicSpawners-1.21.1-1.1.1.jar" [locator: {mods folder locator at /workspaces/minecraft/mods}, reader: mod manifest]
[27Oct2024 06:49:11.256] [main/INFO] [net.neoforged.fml.loading.moddiscovery.ModDiscoverer/SCAN]: Found mod file "appleskin-neoforge-mc1.21-3.0.5.jar" [locator: {mods folder locator at /workspaces/minecraft/mods}, reader: mod manifest]
[27Oct2024 06:49:11.258] [main/INFO] [net.neoforged.fml.loading.moddiscovery.ModDiscoverer/SCAN]: Found mod file "Applied-Mekanistics-1.6.1.jar" [locator: {mods folder locator at /workspaces/minecraft/mods}, reader: mod manifest]
[27Oct2024 06:49:11.263] [main/INFO] [net.neoforged.fml.loading.moddiscovery.ModDiscoverer/SCAN]: Found mod file "appliedenergistics2-19.0.23-beta.jar" [locator: {mods folder locator at /workspaces/minecraft/mods}, reader: mod manifest]
[27Oct2024 06:49:11.265] [main/INFO] [net.neoforged.fml.loading.moddiscovery.ModDiscoverer/SCAN]: Found mod file "AppliedFlux-1.21-2.0.1-neoforge.jar" [locator: {mods folder locator at /workspaces/minecraft/mods}, reader: mod manifest]
[27Oct2024 06:49:11.267] [main/INFO] [net.neoforged.fml.loading.moddiscovery.ModDiscoverer/SCAN]: Found mod file "Aquaculture-1.21.1-2.7.10.jar" [locator: {mods folder locator at /workspaces/minecraft/mods}, reader: mod manifest]
[27Oct2024 06:49:11.269] [main/INFO] [net.neoforged.fml.loading.moddiscovery.ModDiscoverer/SCAN]: Found mod file "architectury-13.0.6-neoforge.jar" [locator: {mods folder locator at /workspaces/minecraft/mods}, reader: mod manifest]
[27Oct2024 06:49:11.273] [main/INFO] [net.neoforged.fml.loading.moddiscovery.ModDiscoverer/SCAN]: Found mod file "ars_additions-1.21.1-21.1.0.jar" [locator: {mods folder locator at /workspaces/minecraft/mods}, reader: mod manifest]
[27Oct2024 06:49:11.276] [main/INFO] [net.neoforged.fml.loading.moddiscovery.ModDiscoverer/SCAN]: Found mod file "ars_elemental-1.21.0-0.7.0.7.jar" [locator: {mods folder locator at /workspaces/minecraft/mods}, reader: mod manifest]
[27Oct2024 06:49:11.280] [main/INFO] [net.neoforged.fml.loading.moddiscovery.ModDiscoverer/SCAN]: Found mod file "ars_nouveau-1.21.1-5.2.1-all.jar" [locator: {mods folder locator at /workspaces/minecraft/mods}, reader: mod manifest]
[27Oct2024 06:49:11.283] [main/INFO] [net.neoforged.fml.loading.moddiscovery.ModDiscoverer/SCAN]: Found mod file "ars_ocultas-1.21.0-2.0.1.jar" [locator: {mods folder locator at /workspaces/minecraft/mods}, reader: mod manifest]
[27Oct2024 06:49:11.287] [main/INFO] [net.neoforged.fml.loading.moddiscovery.ModDiscoverer/SCAN]: Found mod file "arseng-2.0.1-beta.jar" [locator: {mods folder locator at /workspaces/minecraft/mods}, reader: mod manifest]
[27Oct2024 06:49:11.289] [main/INFO] [net.neoforged.fml.loading.moddiscovery.ModDiscoverer/SCAN]: Found mod file "artifacts-neoforge-12.0.5.jar" [locator: {mods folder locator at /workspaces/minecraft/mods}, reader: mod manifest]
[27Oct2024 06:49:11.291] [main/INFO] [net.neoforged.fml.loading.moddiscovery.ModDiscoverer/SCAN]: Found mod file "athena-neoforge-1.21-4.0.1.jar" [locator: {mods folder locator at /workspaces/minecraft/mods}, reader: mod manifest]
[27Oct2024 06:49:11.293] [main/INFO] [net.neoforged.fml.loading.moddiscovery.ModDiscoverer/SCAN]: Found mod file "attributefix-neoforge-1.21.1-21.1.2.jar" [locator: {mods folder locator at /workspaces/minecraft/mods}, reader: mod manifest]
[27Oct2024 06:49:11.295] [main/INFO] [net.neoforged.fml.loading.moddiscovery.ModDiscoverer/SCAN]: Found mod file "balm-neoforge-1.21.1-21.0.20.jar" [locator: {mods folder locator at /workspaces/minecraft/mods}, reader: mod manifest]
[27Oct2024 06:49:11.297] [main/INFO] [net.neoforged.fml.loading.moddiscovery.ModDiscoverer/SCAN]: Found mod file "blockui-1.0.192-1.21.1-snapshot.jar" [locator: {mods folder locator at /workspaces/minecraft/mods}, reader: mod manifest]
[27Oct2024 06:49:11.299] [main/INFO] [net.neoforged.fml.loading.moddiscovery.ModDiscoverer/SCAN]: Found mod file "blueflame-1.21.0-1.1.0.jar" [locator: {mods folder locator at /workspaces/minecraft/mods}, reader: mod manifest]
[27Oct2024 06:49:11.301] [main/INFO] [net.neoforged.fml.loading.moddiscovery.ModDiscoverer/SCAN]: Found mod file "bookshelf-neoforge-1.21.1-21.1.13.jar" [locator: {mods folder locator at /workspaces/minecraft/mods}, reader: mod manifest]
[27Oct2024 06:49:11.304] [main/INFO] [net.neoforged.fml.loading.moddiscovery.ModDiscoverer/SCAN]: Found mod file "BridgingMod-2.5.0+1.21.1.neoforge-release.jar" [locator: {mods folder locator at /workspaces/minecraft/mods}, reader: mod manifest]
[27Oct2024 06:49:11.306] [main/INFO] [net.neoforged.fml.loading.moddiscovery.ModDiscoverer/SCAN]: Found mod file "buildinggadgets2-1.3.7.jar" [locator: {mods folder locator at /workspaces/minecraft/mods}, reader: mod manifest]
[27Oct2024 06:49:11.308] [main/INFO] [net.neoforged.fml.loading.moddiscovery.ModDiscoverer/SCAN]: Found mod file "bwncr-neoforge-1.21.1-3.20.1.jar" [locator: {mods folder locator at /workspaces/minecraft/mods}, reader: mod manifest]
[27Oct2024 06:49:11.309] [main/INFO] [net.neoforged.fml.loading.moddiscovery.ModDiscoverer/SCAN]: Found mod file "caelus-neoforge-7.0.1+1.21.1.jar" [locator: {mods folder locator at /workspaces/minecraft/mods}, reader: mod manifest]
[27Oct2024 06:49:11.312] [main/INFO] [net.neoforged.fml.loading.moddiscovery.ModDiscoverer/SCAN]: Found mod file "cc-tweaked-1.21.1-forge-1.113.1.jar" [locator: {mods folder locator at /workspaces/minecraft/mods}, reader: mod manifest]
[27Oct2024 06:49:11.314] [main/INFO] [net.neoforged.fml.loading.moddiscovery.ModDiscoverer/SCAN]: Found mod file "charginggadgets-1.14.1.jar" [locator: {mods folder locator at /workspaces/minecraft/mods}, reader: mod manifest]
[27Oct2024 06:49:11.329] [main/INFO] [net.neoforged.fml.loading.moddiscovery.ModDiscoverer/SCAN]: Found mod file "chipped-neoforge-1.21.1-4.0.2.jar" [locator: {mods folder locator at /workspaces/minecraft/mods}, reader: mod manifest]
[27Oct2024 06:49:11.336] [main/INFO] [net.neoforged.fml.loading.moddiscovery.ModDiscoverer/SCAN]: Found mod file "chisel-neoforge-1.21.1-1.8.1.jar" [locator: {mods folder locator at /workspaces/minecraft/mods}, reader: mod manifest]
[27Oct2024 06:49:11.338] [main/INFO] [net.neoforged.fml.loading.moddiscovery.ModDiscoverer/SCAN]: Found mod file "cleanswing-1.7.jar" [locator: {mods folder locator at /workspaces/minecraft/mods}, reader: mod manifest]
[27Oct2024 06:49:11.340] [main/INFO] [net.neoforged.fml.loading.moddiscovery.ModDiscoverer/SCAN]: Found mod file "cloth-config-15.0.140-neoforge.jar" [locator: {mods folder locator at /workspaces/minecraft/mods}, reader: mod manifest]
[27Oct2024 06:49:11.341] [main/INFO] [net.neoforged.fml.loading.moddiscovery.ModDiscoverer/SCAN]: Found mod file "Clumps-neoforge-1.21.1-19.0.0.1.jar" [locator: {mods folder locator at /workspaces/minecraft/mods}, reader: mod manifest]
[27Oct2024 06:49:11.343] [main/INFO] [net.neoforged.fml.loading.moddiscovery.ModDiscoverer/SCAN]: Found mod file "comforts-neoforge-9.0.3+1.21.1.jar" [locator: {mods folder locator at /workspaces/minecraft/mods}, reader: mod manifest]
[27Oct2024 06:49:11.344] [main/INFO] [net.neoforged.fml.loading.moddiscovery.ModDiscoverer/SCAN]: Found mod file "common-6.1.0.jar" [locator: {mods folder locator at /workspaces/minecraft/mods}, reader: mod manifest]
[27Oct2024 06:49:11.345] [main/INFO] [net.neoforged.fml.loading.moddiscovery.ModDiscoverer/SCAN]: Found mod file "CommonCapabilities-1.21.1-neoforge-2.9.5.jar" [locator: {mods folder locator at /workspaces/minecraft/mods}, reader: mod manifest]
[27Oct2024 06:49:11.348] [main/INFO] [net.neoforged.fml.loading.moddiscovery.ModDiscoverer/SCAN]: Found mod file "connectedglass-1.1.12-neoforge-mc1.21.jar" [locator: {mods folder locator at /workspaces/minecraft/mods}, reader: mod manifest]
[27Oct2024 06:49:11.350] [main/INFO] [net.neoforged.fml.loading.moddiscovery.ModDiscoverer/SCAN]: Found mod file "Controlling-neoforge-1.21.1-19.0.3.jar" [locator: {mods folder locator at /workspaces/minecraft/mods}, reader: mod manifest]
[27Oct2024 06:49:11.353] [main/INFO] [net.neoforged.fml.loading.moddiscovery.ModDiscoverer/SCAN]: Found mod file "cookingforblockheads-neoforge-1.21.1-21.1.2.jar" [locator: {mods folder locator at /workspaces/minecraft/mods}, reader: mod manifest]
[27Oct2024 06:49:11.354] [main/INFO] [net.neoforged.fml.loading.moddiscovery.ModDiscoverer/SCAN]: Found mod file "Corgilib-NeoForge-1.21.1-5.0.0.2.jar" [locator: {mods folder locator at /workspaces/minecraft/mods}, reader: mod manifest]
[27Oct2024 06:49:11.357] [main/INFO] [net.neoforged.fml.loading.moddiscovery.ModDiscoverer/SCAN]: Found mod file "cosmeticarmorreworked-1.21.1-v1-neoforge.jar" [locator: {mods folder locator at /workspaces/minecraft/mods}, reader: mod manifest]
[27Oct2024 06:49:11.359] [main/INFO] [net.neoforged.fml.loading.moddiscovery.ModDiscoverer/SCAN]: Found mod file "crafting_on_a_stick-1.21.0.1.jar" [locator: {mods folder locator at /workspaces/minecraft/mods}, reader: mod manifest]
[27Oct2024 06:49:11.361] [main/INFO] [net.neoforged.fml.loading.moddiscovery.ModDiscoverer/SCAN]: Found mod file "craftingtweaks-neoforge-1.21.1-21.1.2.jar" [locator: {mods folder locator at /workspaces/minecraft/mods}, reader: mod manifest]
[27Oct2024 06:49:11.362] [main/INFO] [net.neoforged.fml.loading.moddiscovery.ModDiscoverer/SCAN]: Found mod file "crashutilities-9.0.1.jar" [locator: {mods folder locator at /workspaces/minecraft/mods}, reader: mod manifest]
[27Oct2024 06:49:11.365] [main/INFO] [net.neoforged.fml.loading.moddiscovery.ModDiscoverer/SCAN]: Found mod file "Creeperoverhaul-neoforge-1.21-4.0.5.jar" [locator: {mods folder locator at /workspaces/minecraft/mods}, reader: mod manifest]
[27Oct2024 06:49:11.366] [main/INFO] [net.neoforged.fml.loading.moddiscovery.ModDiscoverer/SCAN]: Found mod file "cristellib-neoforge-1.2.8.jar" [locator: {mods folder locator at /workspaces/minecraft/mods}, reader: mod manifest]
[27Oct2024 06:49:11.368] [main/INFO] [net.neoforged.fml.loading.moddiscovery.ModDiscoverer/SCAN]: Found mod file "CTM-1.21-1.2.1+3.jar" [locator: {mods folder locator at /workspaces/minecraft/mods}, reader: mod manifest]
[27Oct2024 06:49:11.370] [main/INFO] [net.neoforged.fml.loading.moddiscovery.ModDiscoverer/SCAN]: Found mod file "Cucumber-1.21.1-8.0.6.jar" [locator: {mods folder locator at /workspaces/minecraft/mods}, reader: mod manifest]
[27Oct2024 06:49:11.372] [main/INFO] [net.neoforged.fml.loading.moddiscovery.ModDiscoverer/SCAN]: Found mod file "cupboard-1.21-2.8.jar" [locator: {mods folder locator at /workspaces/minecraft/mods}, reader: mod manifest]
[27Oct2024 06:49:11.373] [main/INFO] [net.neoforged.fml.loading.moddiscovery.ModDiscoverer/SCAN]: Found mod file "curios-neoforge-9.1.4+1.21.0.jar" [locator: {mods folder locator at /workspaces/minecraft/mods}, reader: mod manifest]
[27Oct2024 06:49:11.375] [main/INFO] [net.neoforged.fml.loading.moddiscovery.ModDiscoverer/SCAN]: Found mod file "cyclopscore-1.21.1-neoforge-1.25.1-631.jar" [locator: {mods folder locator at /workspaces/minecraft/mods}, reader: mod manifest]
[27Oct2024 06:49:11.378] [main/INFO] [net.neoforged.fml.loading.moddiscovery.ModDiscoverer/SCAN]: Found mod file "deeperdarker-neoforge-1.21-1.3.2.jar" [locator: {mods folder locator at /workspaces/minecraft/mods}, reader: mod manifest]
[27Oct2024 06:49:11.380] [main/INFO] [net.neoforged.fml.loading.moddiscovery.ModDiscoverer/SCAN]: Found mod file "DimStorage-1.21-9.0.2.jar" [locator: {mods folder locator at /workspaces/minecraft/mods}, reader: mod manifest]
[27Oct2024 06:49:11.382] [main/INFO] [net.neoforged.fml.loading.moddiscovery.ModDiscoverer/SCAN]: Found mod file "disenchanting_table-merged-1.21.1-3.1.0.jar" [locator: {mods folder locator at /workspaces/minecraft/mods}, reader: mod manifest]
[27Oct2024 06:49:11.383] [main/INFO] [net.neoforged.fml.loading.moddiscovery.ModDiscoverer/SCAN]: Found mod file "domum_ornamentum-1.0.204-1.21.1-snapshot.jar" [locator: {mods folder locator at /workspaces/minecraft/mods}, reader: mod manifest]
[27Oct2024 06:49:11.385] [main/INFO] [net.neoforged.fml.loading.moddiscovery.ModDiscoverer/SCAN]: Found mod file "dummmmmmy-1.21-2.0.6-neoforge.jar" [locator: {mods folder locator at /workspaces/minecraft/mods}, reader: mod manifest]
[27Oct2024 06:49:11.387] [main/INFO] [net.neoforged.fml.loading.moddiscovery.ModDiscoverer/SCAN]: Found mod file "DungeonCrawl-NeoForge-1.21-2.3.14.jar" [locator: {mods folder locator at /workspaces/minecraft/mods}, reader: mod manifest]
[27Oct2024 06:49:11.389] [main/INFO] [net.neoforged.fml.loading.moddiscovery.ModDiscoverer/SCAN]: Found mod file "dyenamics-1.21.1-3.2.1.jar" [locator: {mods folder locator at /workspaces/minecraft/mods}, reader: mod manifest]
[27Oct2024 06:49:11.391] [main/INFO] [net.neoforged.fml.loading.moddiscovery.ModDiscoverer/SCAN]: Found mod file "easy-villagers-neoforge-1.21.1-1.1.23.jar" [locator: {mods folder locator at /workspaces/minecraft/mods}, reader: mod manifest]
[27Oct2024 06:49:11.393] [main/INFO] [net.neoforged.fml.loading.moddiscovery.ModDiscoverer/SCAN]: Found mod file "EdivadLib-1.21-3.0.0.jar" [locator: {mods folder locator at /workspaces/minecraft/mods}, reader: mod manifest]
[27Oct2024 06:49:11.394] [main/INFO] [net.neoforged.fml.loading.moddiscovery.ModDiscoverer/SCAN]: Found mod file "elevatorid-neoforge-1.21.1-1.11.3.jar" [locator: {mods folder locator at /workspaces/minecraft/mods}, reader: mod manifest]
[27Oct2024 06:49:11.396] [main/INFO] [net.neoforged.fml.loading.moddiscovery.ModDiscoverer/SCAN]: Found mod file "enchdesc-neoforge-1.21.1-21.1.5.jar" [locator: {mods folder locator at /workspaces/minecraft/mods}, reader: mod manifest]
[27Oct2024 06:49:11.398] [main/INFO] [net.neoforged.fml.loading.moddiscovery.ModDiscoverer/SCAN]: Found mod file "enderio-7.0.8-alpha.jar" [locator: {mods folder locator at /workspaces/minecraft/mods}, reader: mod manifest]
[27Oct2024 06:49:11.399] [main/INFO] [net.neoforged.fml.loading.moddiscovery.ModDiscoverer/SCAN]: Found mod file "endermanoverhaul-neoforge-1.21-2.0.0.jar" [locator: {mods folder locator at /workspaces/minecraft/mods}, reader: mod manifest]
[27Oct2024 06:49:11.401] [main/INFO] [net.neoforged.fml.loading.moddiscovery.ModDiscoverer/SCAN]: Found mod file "entangled-1.3.19a-neoforge-mc1.21.jar" [locator: {mods folder locator at /workspaces/minecraft/mods}, reader: mod manifest]
[27Oct2024 06:49:11.402] [main/INFO] [net.neoforged.fml.loading.moddiscovery.ModDiscoverer/SCAN]: Found mod file "entityculling-neoforge-1.7.0-mc1.21.jar" [locator: {mods folder locator at /workspaces/minecraft/mods}, reader: mod manifest]
[27Oct2024 06:49:11.404] [main/INFO] [net.neoforged.fml.loading.moddiscovery.ModDiscoverer/SCAN]: Found mod file "EpheroLib-1.21-NEO-FORGE-1.2.0.jar" [locator: {mods folder locator at /workspaces/minecraft/mods}, reader: mod manifest]
[27Oct2024 06:49:11.408] [main/INFO] [net.neoforged.fml.loading.moddiscovery.ModDiscoverer/SCAN]: Found mod file "eternalstarlight-0.1.16+1.21.1+neoforge.jar" [locator: {mods folder locator at /workspaces/minecraft/mods}, reader: mod manifest]
[27Oct2024 06:49:11.410] [main/INFO] [net.neoforged.fml.loading.moddiscovery.ModDiscoverer/SCAN]: Found mod file "everythingcopper-1.21.1-2.3.8.jar" [locator: {mods folder locator at /workspaces/minecraft/mods}, reader: mod manifest]
[27Oct2024 06:49:11.412] [main/INFO] [net.neoforged.fml.loading.moddiscovery.ModDiscoverer/SCAN]: Found mod file "EvilCraft-1.21.1-neoforge-1.2.58.jar" [locator: {mods folder locator at /workspaces/minecraft/mods}, reader: mod manifest]
[27Oct2024 06:49:11.414] [main/INFO] [net.neoforged.fml.loading.moddiscovery.ModDiscoverer/SCAN]: Found mod file "ExplorersCompass-1.21.1-3.0.3-neoforge.jar" [locator: {mods folder locator at /workspaces/minecraft/mods}, reader: mod manifest]
[27Oct2024 06:49:11.415] [main/INFO] [net.neoforged.fml.loading.moddiscovery.ModDiscoverer/SCAN]: Found mod file "Explorify v1.6.2 f10-48.jar" [locator: {mods folder locator at /workspaces/minecraft/mods}, reader: mod manifest]
[27Oct2024 06:49:11.417] [main/INFO] [net.neoforged.fml.loading.moddiscovery.ModDiscoverer/SCAN]: Found mod file "extended-industrialization-1.9.4-beta-1.21.1.jar" [locator: {mods folder locator at /workspaces/minecraft/mods}, reader: mod manifest]
[27Oct2024 06:49:11.419] [main/INFO] [net.neoforged.fml.loading.moddiscovery.ModDiscoverer/SCAN]: Found mod file "ExtendedAE-1.21-2.1.1-neoforge.jar" [locator: {mods folder locator at /workspaces/minecraft/mods}, reader: mod manifest]
[27Oct2024 06:49:11.422] [main/INFO] [net.neoforged.fml.loading.moddiscovery.ModDiscoverer/SCAN]: Found mod file "ExtremeReactors2-1.21.1-2.4.12.jar" [locator: {mods folder locator at /workspaces/minecraft/mods}, reader: mod manifest]
[27Oct2024 06:49:11.424] [main/INFO] [net.neoforged.fml.loading.moddiscovery.ModDiscoverer/SCAN]: Found mod file "factory_blocks+neoforge+1.21-1.3.2.jar" [locator: {mods folder locator at /workspaces/minecraft/mods}, reader: mod manifest]
[27Oct2024 06:49:11.425] [main/INFO] [net.neoforged.fml.loading.moddiscovery.ModDiscoverer/SCAN]: Found mod file "FarmersDelight-1.21.1-1.2.4a.jar" [locator: {mods folder locator at /workspaces/minecraft/mods}, reader: mod manifest]
[27Oct2024 06:49:11.427] [main/INFO] [net.neoforged.fml.loading.moddiscovery.ModDiscoverer/SCAN]: Found mod file "farmingforblockheads-neoforge-1.21.1-21.1.2.jar" [locator: {mods folder locator at /workspaces/minecraft/mods}, reader: mod manifest]
[27Oct2024 06:49:11.428] [main/INFO] [net.neoforged.fml.loading.moddiscovery.ModDiscoverer/SCAN]: Found mod file "FastFurnace-1.21.1-9.0.0.jar" [locator: {mods folder locator at /workspaces/minecraft/mods}, reader: mod manifest]
[27Oct2024 06:49:11.430] [main/INFO] [net.neoforged.fml.loading.moddiscovery.ModDiscoverer/SCAN]: Found mod file "FastWorkbench-1.21-9.1.2.jar" [locator: {mods folder locator at /workspaces/minecraft/mods}, reader: mod manifest]
[27Oct2024 06:49:11.434] [main/INFO] [net.neoforged.fml.loading.moddiscovery.ModDiscoverer/SCAN]: Found mod file "ferritecore-7.0.1-neoforge.jar" [locator: {mods folder locator at /workspaces/minecraft/mods}, reader: mod manifest]
[27Oct2024 06:49:11.436] [main/INFO] [net.neoforged.fml.loading.moddiscovery.ModDiscoverer/SCAN]: Found mod file "findme-3.3.1-neoforge.jar" [locator: {mods folder locator at /workspaces/minecraft/mods}, reader: mod manifest]
[27Oct2024 06:49:11.438] [main/INFO] [net.neoforged.fml.loading.moddiscovery.ModDiscoverer/SCAN]: Found mod file "flickerfix-1.21.0.jar" [locator: {mods folder locator at /workspaces/minecraft/mods}, reader: mod manifest]
[27Oct2024 06:49:11.440] [main/INFO] [net.neoforged.fml.loading.moddiscovery.ModDiscoverer/SCAN]: Found mod file "forbidden_arcanus-1.21.1-2.5.7-beta.jar" [locator: {mods folder locator at /workspaces/minecraft/mods}, reader: mod manifest]
[27Oct2024 06:49:11.443] [main/INFO] [net.neoforged.fml.loading.moddiscovery.ModDiscoverer/SCAN]: Found mod file "FramedBlocks-10.2.0.jar" [locator: {mods folder locator at /workspaces/minecraft/mods}, reader: mod manifest]
[27Oct2024 06:49:11.445] [main/INFO] [net.neoforged.fml.loading.moddiscovery.ModDiscoverer/SCAN]: Found mod file "framework-neoforge-1.21.1-0.9.3.jar" [locator: {mods folder locator at /workspaces/minecraft/mods}, reader: mod manifest]
[27Oct2024 06:49:11.446] [main/INFO] [net.neoforged.fml.loading.moddiscovery.ModDiscoverer/SCAN]: Found mod file "ftb-chunks-neoforge-2101.1.1.jar" [locator: {mods folder locator at /workspaces/minecraft/mods}, reader: mod manifest]
[27Oct2024 06:49:11.448] [main/INFO] [net.neoforged.fml.loading.moddiscovery.ModDiscoverer/SCAN]: Found mod file "ftb-essentials-neoforge-2101.1.0.jar" [locator: {mods folder locator at /workspaces/minecraft/mods}, reader: mod manifest]
[27Oct2024 06:49:11.449] [main/INFO] [net.neoforged.fml.loading.moddiscovery.ModDiscoverer/SCAN]: Found mod file "ftb-filter-system-neoforge-21.0.0.jar" [locator: {mods folder locator at /workspaces/minecraft/mods}, reader: mod manifest]
[27Oct2024 06:49:11.476] [main/INFO] [net.neoforged.fml.loading.moddiscovery.ModDiscoverer/SCAN]: Found mod file "ftb-library-neoforge-2101.1.4.jar" [locator: {mods folder locator at /workspaces/minecraft/mods}, reader: mod manifest]
[27Oct2024 06:49:11.477] [main/INFO] [net.neoforged.fml.loading.moddiscovery.ModDiscoverer/SCAN]: Found mod file "ftb-quests-neoforge-2101.1.0.jar" [locator: {mods folder locator at /workspaces/minecraft/mods}, reader: mod manifest]
[27Oct2024 06:49:11.479] [main/INFO] [net.neoforged.fml.loading.moddiscovery.ModDiscoverer/SCAN]: Found mod file "ftb-ranks-neoforge-2100.1.0.jar" [locator: {mods folder locator at /workspaces/minecraft/mods}, reader: mod manifest]
[27Oct2024 06:49:11.480] [main/INFO] [net.neoforged.fml.loading.moddiscovery.ModDiscoverer/SCAN]: Found mod file "ftb-teams-neoforge-2101.1.0.jar" [locator: {mods folder locator at /workspaces/minecraft/mods}, reader: mod manifest]
[27Oct2024 06:49:11.481] [main/INFO] [net.neoforged.fml.loading.moddiscovery.ModDiscoverer/SCAN]: Found mod file "ftb-ultimine-neoforge-2101.1.1.jar" [locator: {mods folder locator at /workspaces/minecraft/mods}, reader: mod manifest]
[27Oct2024 06:49:11.483] [main/INFO] [net.neoforged.fml.loading.moddiscovery.ModDiscoverer/SCAN]: Found mod file "ftb-xmod-compat-neoforge-21.1.0.jar" [locator: {mods folder locator at /workspaces/minecraft/mods}, reader: mod manifest]
[27Oct2024 06:49:11.485] [main/INFO] [net.neoforged.fml.loading.moddiscovery.ModDiscoverer/SCAN]: Found mod file "ftbjeiextras-21.1.0.jar" [locator: {mods folder locator at /workspaces/minecraft/mods}, reader: mod manifest]
[27Oct2024 06:49:11.486] [main/INFO] [net.neoforged.fml.loading.moddiscovery.ModDiscoverer/SCAN]: Found mod file "fuelgoeshere-1.21.0-1.1.0.jar" [locator: {mods folder locator at /workspaces/minecraft/mods}, reader: mod manifest]
[27Oct2024 06:49:11.488] [main/INFO] [net.neoforged.fml.loading.moddiscovery.ModDiscoverer/SCAN]: Found mod file "functionalstorage-1.21.1-1.3.3.jar" [locator: {mods folder locator at /workspaces/minecraft/mods}, reader: mod manifest]
[27Oct2024 06:49:11.489] [main/INFO] [net.neoforged.fml.loading.moddiscovery.ModDiscoverer/SCAN]: Found mod file "fusion-1.1.1a-neoforge-mc1.21.jar" [locator: {mods folder locator at /workspaces/minecraft/mods}, reader: mod manifest]
[27Oct2024 06:49:11.491] [main/INFO] [net.neoforged.fml.loading.moddiscovery.ModDiscoverer/SCAN]: Found mod file "fzzy_config-0.5.4+1.21+neoforge.jar" [locator: {mods folder locator at /workspaces/minecraft/mods}, reader: mod manifest]
[27Oct2024 06:49:11.492] [main/INFO] [net.neoforged.fml.loading.moddiscovery.ModDiscoverer/SCAN]: Found mod file "GatewaysToEternity-1.21.1-5.0.1.jar" [locator: {mods folder locator at /workspaces/minecraft/mods}, reader: mod manifest]
[27Oct2024 06:49:11.494] [main/INFO] [net.neoforged.fml.loading.moddiscovery.ModDiscoverer/SCAN]: Found mod file "geckolib-neoforge-1.21.1-4.6.6.jar" [locator: {mods folder locator at /workspaces/minecraft/mods}, reader: mod manifest]
[27Oct2024 06:49:11.495] [main/INFO] [net.neoforged.fml.loading.moddiscovery.ModDiscoverer/SCAN]: Found mod file "generatorgalore-1.21.1-1.3.4.jar" [locator: {mods folder locator at /workspaces/minecraft/mods}, reader: mod manifest]
[27Oct2024 06:49:11.497] [main/INFO] [net.neoforged.fml.loading.moddiscovery.ModDiscoverer/SCAN]: Found mod file "getittogetherdrops-neoforge-1.21-1.3.2.jar" [locator: {mods folder locator at /workspaces/minecraft/mods}, reader: mod manifest]
[27Oct2024 06:49:11.498] [main/INFO] [net.neoforged.fml.loading.moddiscovery.ModDiscoverer/SCAN]: Found mod file "Glassential-renewed-neoforge-1.21.1-3.1.3.jar" [locator: {mods folder locator at /workspaces/minecraft/mods}, reader: mod manifest]
[27Oct2024 06:49:11.500] [main/INFO] [net.neoforged.fml.loading.moddiscovery.ModDiscoverer/SCAN]: Found mod file "Glodium-1.21-2.2-neoforge.jar" [locator: {mods folder locator at /workspaces/minecraft/mods}, reader: mod manifest]
[27Oct2024 06:49:11.501] [main/INFO] [net.neoforged.fml.loading.moddiscovery.ModDiscoverer/SCAN]: Found mod file "GravitationalModulatingAdditionalUnit-1.21.1-6.0.jar" [locator: {mods folder locator at /workspaces/minecraft/mods}, reader: mod manifest]
[27Oct2024 06:49:11.509] [main/INFO] [net.neoforged.fml.loading.moddiscovery.ModDiscoverer/SCAN]: Found mod file "handcrafted-neoforge-1.21.1-4.0.2.jar" [locator: {mods folder locator at /workspaces/minecraft/mods}, reader: mod manifest]
[27Oct2024 06:49:11.510] [main/INFO] [net.neoforged.fml.loading.moddiscovery.ModDiscoverer/SCAN]: Found mod file "hardenedarmadillos-1.21.0-0.1.0.jar" [locator: {mods folder locator at /workspaces/minecraft/mods}, reader: mod manifest]
[27Oct2024 06:49:11.511] [main/INFO] [net.neoforged.fml.loading.moddiscovery.ModDiscoverer/SCAN]: Found mod file "heyberryshutup-1.21.0-2.0.4.jar" [locator: {mods folder locator at /workspaces/minecraft/mods}, reader: mod manifest]
[27Oct2024 06:49:11.513] [main/INFO] [net.neoforged.fml.loading.moddiscovery.ModDiscoverer/SCAN]: Found mod file "HostileNeuralNetworks-1.21.1-6.0.1.jar" [locator: {mods folder locator at /workspaces/minecraft/mods}, reader: mod manifest]
[27Oct2024 06:49:11.515] [main/INFO] [net.neoforged.fml.loading.moddiscovery.ModDiscoverer/SCAN]: Found mod file "hyperbox-1.21-6.0.0.1.jar" [locator: {mods folder locator at /workspaces/minecraft/mods}, reader: mod manifest]
[27Oct2024 06:49:11.516] [main/INFO] [net.neoforged.fml.loading.moddiscovery.ModDiscoverer/SCAN]: Found mod file "illagerwarship-1.0.0-neoforge-1.21.1.jar" [locator: {mods folder locator at /workspaces/minecraft/mods}, reader: mod manifest]
[27Oct2024 06:49:11.517] [main/INFO] [net.neoforged.fml.loading.moddiscovery.ModDiscoverer/SCAN]: Found mod file "imfast-1.0.1.jar" [locator: {mods folder locator at /workspaces/minecraft/mods}, reader: mod manifest]
[27Oct2024 06:49:11.523] [main/INFO] [net.neoforged.fml.loading.moddiscovery.ModDiscoverer/SCAN]: Found mod file "ImmersiveEngineering-1.21.1-12.0.0-182.jar" [locator: {mods folder locator at /workspaces/minecraft/mods}, reader: mod manifest]
[27Oct2024 06:49:11.525] [main/INFO] [net.neoforged.fml.loading.moddiscovery.ModDiscoverer/SCAN]: Found mod file "industrial-foregoing-souls-1.21.1-1.10.0.jar" [locator: {mods folder locator at /workspaces/minecraft/mods}, reader: mod manifest]
[27Oct2024 06:49:11.527] [main/INFO] [net.neoforged.fml.loading.moddiscovery.ModDiscoverer/SCAN]: Found mod file "industrialforegoing-1.21-3.6.15.jar" [locator: {mods folder locator at /workspaces/minecraft/mods}, reader: mod manifest]
[27Oct2024 06:49:11.529] [main/INFO] [net.neoforged.fml.loading.moddiscovery.ModDiscoverer/SCAN]: Found mod file "IntegratedCrafting-1.21.1-neoforge-1.1.10.jar" [locator: {mods folder locator at /workspaces/minecraft/mods}, reader: mod manifest]
[27Oct2024 06:49:11.532] [main/INFO] [net.neoforged.fml.loading.moddiscovery.ModDiscoverer/SCAN]: Found mod file "IntegratedDynamics-1.21.1-neoforge-1.23.9.jar" [locator: {mods folder locator at /workspaces/minecraft/mods}, reader: mod manifest]
[27Oct2024 06:49:11.541] [main/INFO] [net.neoforged.fml.loading.moddiscovery.ModDiscoverer/SCAN]: Found mod file "IntegratedScripting-1.21-neoforge-1.0.5.jar" [locator: {mods folder locator at /workspaces/minecraft/mods}, reader: mod manifest]
[27Oct2024 06:49:11.543] [main/INFO] [net.neoforged.fml.loading.moddiscovery.ModDiscoverer/SCAN]: Found mod file "IntegratedTerminals-1.21.1-neoforge-1.5.2.jar" [locator: {mods folder locator at /workspaces/minecraft/mods}, reader: mod manifest]
[27Oct2024 06:49:11.545] [main/INFO] [net.neoforged.fml.loading.moddiscovery.ModDiscoverer/SCAN]: Found mod file "IntegratedTunnels-1.21.1-neoforge-1.8.28.jar" [locator: {mods folder locator at /workspaces/minecraft/mods}, reader: mod manifest]
[27Oct2024 06:49:11.546] [main/INFO] [net.neoforged.fml.loading.moddiscovery.ModDiscoverer/SCAN]: Found mod file "invtweaks-1.21.0-1.1.4.jar" [locator: {mods folder locator at /workspaces/minecraft/mods}, reader: mod manifest]
[27Oct2024 06:49:11.549] [main/INFO] [net.neoforged.fml.loading.moddiscovery.ModDiscoverer/SCAN]: Found mod file "ironfurnaces-neoforge-1.21.1-4.2.6.jar" [locator: {mods folder locator at /workspaces/minecraft/mods}, reader: mod manifest]
[27Oct2024 06:49:11.550] [main/INFO] [net.neoforged.fml.loading.moddiscovery.ModDiscoverer/SCAN]: Found mod file "IronJetpacks-1.21.1-8.0.4.jar" [locator: {mods folder locator at /workspaces/minecraft/mods}, reader: mod manifest]
[27Oct2024 06:49:11.553] [main/INFO] [net.neoforged.fml.loading.moddiscovery.ModDiscoverer/SCAN]: Found mod file "irons_spellbooks-1.21-3.7.1.jar" [locator: {mods folder locator at /workspaces/minecraft/mods}, reader: mod manifest]
[27Oct2024 06:49:11.554] [main/INFO] [net.neoforged.fml.loading.moddiscovery.ModDiscoverer/SCAN]: Found mod file "itemcollectors-1.1.10-neoforge-mc1.21.jar" [locator: {mods folder locator at /workspaces/minecraft/mods}, reader: mod manifest]
[27Oct2024 06:49:11.556] [main/INFO] [net.neoforged.fml.loading.moddiscovery.ModDiscoverer/SCAN]: Found mod file "Jade-1.21.1-NeoForge-15.7.1.jar" [locator: {mods folder locator at /workspaces/minecraft/mods}, reader: mod manifest]
[27Oct2024 06:49:11.557] [main/INFO] [net.neoforged.fml.loading.moddiscovery.ModDiscoverer/SCAN]: Found mod file "jamlib-neoforge-1.0.11+1.21.jar" [locator: {mods folder locator at /workspaces/minecraft/mods}, reader: mod manifest]
[27Oct2024 06:49:11.558] [main/INFO] [net.neoforged.fml.loading.moddiscovery.ModDiscoverer/SCAN]: Found mod file "jearchaeology-1.21.0-1.1.5.jar" [locator: {mods folder locator at /workspaces/minecraft/mods}, reader: mod manifest]
[27Oct2024 06:49:11.561] [main/INFO] [net.neoforged.fml.loading.moddiscovery.ModDiscoverer/SCAN]: Found mod file "jei-1.21.1-neoforge-19.21.0.246.jar" [locator: {mods folder locator at /workspaces/minecraft/mods}, reader: mod manifest]
[27Oct2024 06:49:11.563] [main/INFO] [net.neoforged.fml.loading.moddiscovery.ModDiscoverer/SCAN]: Found mod file "jmi-neoforge-1.21.1-1.6.jar" [locator: {mods folder locator at /workspaces/minecraft/mods}, reader: mod manifest]
[27Oct2024 06:49:11.564] [main/INFO] [net.neoforged.fml.loading.moddiscovery.ModDiscoverer/SCAN]: Found mod file "journeymap-neoforge-1.21.1-6.0.0-beta.28.jar" [locator: {mods folder locator at /workspaces/minecraft/mods}, reader: mod manifest]
[27Oct2024 06:49:11.567] [main/INFO] [net.neoforged.fml.loading.moddiscovery.ModDiscoverer/SCAN]: Found mod file "jumpboat-1.21.0-1.0.5.jar" [locator: {mods folder locator at /workspaces/minecraft/mods}, reader: mod manifest]
[27Oct2024 06:49:11.571] [main/INFO] [net.neoforged.fml.loading.moddiscovery.ModDiscoverer/SCAN]: Found mod file "justdirethings-1.4.6.jar" [locator: {mods folder locator at /workspaces/minecraft/mods}, reader: mod manifest]
[27Oct2024 06:49:11.574] [main/INFO] [net.neoforged.fml.loading.moddiscovery.ModDiscoverer/SCAN]: Found library file "kotlinforforge-5.6.0-all.jar" [locator: {mods folder locator at /workspaces/minecraft/mods}, reader: mod manifest]
[27Oct2024 06:49:11.576] [main/INFO] [net.neoforged.fml.loading.moddiscovery.ModDiscoverer/SCAN]: Found mod file "kubejs-neoforge-2101.7.1-build.181.jar" [locator: {mods folder locator at /workspaces/minecraft/mods}, reader: mod manifest]
[27Oct2024 06:49:11.578] [main/INFO] [net.neoforged.fml.loading.moddiscovery.ModDiscoverer/SCAN]: Found mod file "laserbridges-1.21.1-1-neoforge.jar" [locator: {mods folder locator at /workspaces/minecraft/mods}, reader: mod manifest]
[27Oct2024 06:49:11.580] [main/INFO] [net.neoforged.fml.loading.moddiscovery.ModDiscoverer/SCAN]: Found mod file "laserio-1.9.11.jar" [locator: {mods folder locator at /workspaces/minecraft/mods}, reader: mod manifest]
[27Oct2024 06:49:11.581] [main/INFO] [net.neoforged.fml.loading.moddiscovery.ModDiscoverer/SCAN]: Found mod file "letmedespawn-1.21.x-neoforge-1.4.4.jar" [locator: {mods folder locator at /workspaces/minecraft/mods}, reader: mod manifest]
[27Oct2024 06:49:11.583] [main/INFO] [net.neoforged.fml.loading.moddiscovery.ModDiscoverer/SCAN]: Found mod file "lithostitched-neoforge-1.21-1.3.1a.jar" [locator: {mods folder locator at /workspaces/minecraft/mods}, reader: mod manifest]
[27Oct2024 06:49:11.584] [main/INFO] [net.neoforged.fml.loading.moddiscovery.ModDiscoverer/SCAN]: Found mod file "livingthings-neoforge-1.21.1-2.1.3.jar" [locator: {mods folder locator at /workspaces/minecraft/mods}, reader: mod manifest]
[27Oct2024 06:49:11.586] [main/INFO] [net.neoforged.fml.loading.moddiscovery.ModDiscoverer/SCAN]: Found mod file "lootr-neoforge-1.21-1.10.33.84.jar" [locator: {mods folder locator at /workspaces/minecraft/mods}, reader: mod manifest]
[27Oct2024 06:49:11.589] [main/INFO] [net.neoforged.fml.loading.moddiscovery.ModDiscoverer/SCAN]: Found mod file "mahoutsukai-1.21.0-v1.35.23.jar" [locator: {mods folder locator at /workspaces/minecraft/mods}, reader: mod manifest]
[27Oct2024 06:49:11.590] [main/INFO] [net.neoforged.fml.loading.moddiscovery.ModDiscoverer/SCAN]: Found mod file "mcw-bridges-3.0.0-mc1.21.1neoforge.jar" [locator: {mods folder locator at /workspaces/minecraft/mods}, reader: mod manifest]
[27Oct2024 06:49:11.592] [main/INFO] [net.neoforged.fml.loading.moddiscovery.ModDiscoverer/SCAN]: Found mod file "mcw-doors-1.1.1-mc1.21.1neoforge.jar" [locator: {mods folder locator at /workspaces/minecraft/mods}, reader: mod manifest]
[27Oct2024 06:49:11.594] [main/INFO] [net.neoforged.fml.loading.moddiscovery.ModDiscoverer/SCAN]: Found mod file "mcw-fences-1.1.2-mc1.21.1neoforge.jar" [locator: {mods folder locator at /workspaces/minecraft/mods}, reader: mod manifest]
[27Oct2024 06:49:11.596] [main/INFO] [net.neoforged.fml.loading.moddiscovery.ModDiscoverer/SCAN]: Found mod file "mcw-furniture-3.3.0-mc1.21.1neoforge.jar" [locator: {mods folder locator at /workspaces/minecraft/mods}, reader: mod manifest]
[27Oct2024 06:49:11.598] [main/INFO] [net.neoforged.fml.loading.moddiscovery.ModDiscoverer/SCAN]: Found mod file "mcw-holidays-1.1.0-mc1.21.1neoforge.jar" [locator: {mods folder locator at /workspaces/minecraft/mods}, reader: mod manifest]
[27Oct2024 06:49:11.599] [main/INFO] [net.neoforged.fml.loading.moddiscovery.ModDiscoverer/SCAN]: Found mod file "mcw-lights-1.1.1-mc1.21.1neoforge.jar" [locator: {mods folder locator at /workspaces/minecraft/mods}, reader: mod manifest]
[27Oct2024 06:49:11.600] [main/INFO] [net.neoforged.fml.loading.moddiscovery.ModDiscoverer/SCAN]: Found mod file "mcw-paths-1.0.5-1.21.1neoforge.jar" [locator: {mods folder locator at /workspaces/minecraft/mods}, reader: mod manifest]
[27Oct2024 06:49:11.602] [main/INFO] [net.neoforged.fml.loading.moddiscovery.ModDiscoverer/SCAN]: Found mod file "mcw-roofs-2.3.1-mc1.21.1neoforge.jar" [locator: {mods folder locator at /workspaces/minecraft/mods}, reader: mod manifest]
[27Oct2024 06:49:11.604] [main/INFO] [net.neoforged.fml.loading.moddiscovery.ModDiscoverer/SCAN]: Found mod file "mcw-trapdoors-1.1.3-mc1.21.1neoforge.jar" [locator: {mods folder locator at /workspaces/minecraft/mods}, reader: mod manifest]
[27Oct2024 06:49:11.605] [main/INFO] [net.neoforged.fml.loading.moddiscovery.ModDiscoverer/SCAN]: Found mod file "mcw-windows-2.3.0-mc1.21.1neoforge.jar" [locator: {mods folder locator at /workspaces/minecraft/mods}, reader: mod manifest]
[27Oct2024 06:49:11.607] [main/INFO] [net.neoforged.fml.loading.moddiscovery.ModDiscoverer/SCAN]: Found mod file "Measurements-neoforge-1.21-3.0.0.jar" [locator: {mods folder locator at /workspaces/minecraft/mods}, reader: mod manifest]
[27Oct2024 06:49:11.608] [main/INFO] [net.neoforged.fml.loading.moddiscovery.ModDiscoverer/SCAN]: Found mod file "megacells-4.0.2.jar" [locator: {mods folder locator at /workspaces/minecraft/mods}, reader: mod manifest]
[27Oct2024 06:49:11.612] [main/INFO] [net.neoforged.fml.loading.moddiscovery.ModDiscoverer/SCAN]: Found mod file "Mekanism-1.21.1-10.7.7.64.jar" [locator: {mods folder locator at /workspaces/minecraft/mods}, reader: mod manifest]
[27Oct2024 06:49:11.613] [main/INFO] [net.neoforged.fml.loading.moddiscovery.ModDiscoverer/SCAN]: Found mod file "MekanismGenerators-1.21.1-10.7.7.64.jar" [locator: {mods folder locator at /workspaces/minecraft/mods}, reader: mod manifest]
[27Oct2024 06:49:11.614] [main/INFO] [net.neoforged.fml.loading.moddiscovery.ModDiscoverer/SCAN]: Found mod file "MekanismTools-1.21.1-10.7.7.64.jar" [locator: {mods folder locator at /workspaces/minecraft/mods}, reader: mod manifest]
[27Oct2024 06:49:11.615] [main/INFO] [net.neoforged.fml.loading.moddiscovery.ModDiscoverer/SCAN]: Found mod file "merequester-neoforge-1.21.1-1.1.8.jar" [locator: {mods folder locator at /workspaces/minecraft/mods}, reader: mod manifest]
[27Oct2024 06:49:11.617] [main/INFO] [net.neoforged.fml.loading.moddiscovery.ModDiscoverer/SCAN]: Found mod file "mffs-5.4.6.jar" [locator: {mods folder locator at /workspaces/minecraft/mods}, reader: mod manifest]
[27Oct2024 06:49:11.618] [main/INFO] [net.neoforged.fml.loading.moddiscovery.ModDiscoverer/SCAN]: Found mod file "mifa-neoforge-1.21.x-1.0.0.jar" [locator: {mods folder locator at /workspaces/minecraft/mods}, reader: mod manifest]
[27Oct2024 06:49:11.627] [main/INFO] [net.neoforged.fml.loading.moddiscovery.ModDiscoverer/SCAN]: Found mod file "minecolonies-1.1.727-1.21.1-snapshot.jar" [locator: {mods folder locator at /workspaces/minecraft/mods}, reader: mod manifest]
[27Oct2024 06:49:11.628] [main/INFO] [net.neoforged.fml.loading.moddiscovery.ModDiscoverer/SCAN]: Found mod file "mininggadgets-1.18.6.jar" [locator: {mods folder locator at /workspaces/minecraft/mods}, reader: mod manifest]
[27Oct2024 06:49:11.629] [main/INFO] [net.neoforged.fml.loading.moddiscovery.ModDiscoverer/SCAN]: Found mod file "mob_grinding_utils-1.1.6+mc1.21.1.jar" [locator: {mods folder locator at /workspaces/minecraft/mods}, reader: mod manifest]
[27Oct2024 06:49:11.630] [main/INFO] [net.neoforged.fml.loading.moddiscovery.ModDiscoverer/SCAN]: Found mod file "Modern-Dynamics-0.9.2.jar" [locator: {mods folder locator at /workspaces/minecraft/mods}, reader: mod manifest]
[27Oct2024 06:49:11.636] [main/INFO] [net.neoforged.fml.loading.moddiscovery.ModDiscoverer/SCAN]: Found mod file "Modern-Industrialization-2.2.25.jar" [locator: {mods folder locator at /workspaces/minecraft/mods}, reader: mod manifest]
[27Oct2024 06:49:11.638] [main/INFO] [net.neoforged.fml.loading.moddiscovery.ModDiscoverer/SCAN]: Found mod file "modernfix-neoforge-5.19.3+mc1.21.1.jar" [locator: {mods folder locator at /workspaces/minecraft/mods}, reader: mod manifest]
[27Oct2024 06:49:11.639] [main/INFO] [net.neoforged.fml.loading.moddiscovery.ModDiscoverer/SCAN]: Found mod file "modonomicon-1.21.1-neoforge-1.108.1.jar" [locator: {mods folder locator at /workspaces/minecraft/mods}, reader: mod manifest]
[27Oct2024 06:49:11.642] [main/INFO] [net.neoforged.fml.loading.moddiscovery.ModDiscoverer/SCAN]: Found mod file "modular-routers-13.0.3+mc1.21.jar" [locator: {mods folder locator at /workspaces/minecraft/mods}, reader: mod manifest]
[27Oct2024 06:49:11.643] [main/INFO] [net.neoforged.fml.loading.moddiscovery.ModDiscoverer/SCAN]: Found mod file "monolib-neoforge-1.21.1-1.4.0.jar" [locator: {mods folder locator at /workspaces/minecraft/mods}, reader: mod manifest]
[27Oct2024 06:49:11.645] [main/INFO] [net.neoforged.fml.loading.moddiscovery.ModDiscoverer/SCAN]: Found mod file "moonlight-1.21-2.14.34-neoforge.jar" [locator: {mods folder locator at /workspaces/minecraft/mods}, reader: mod manifest]
[27Oct2024 06:49:11.646] [main/INFO] [net.neoforged.fml.loading.moddiscovery.ModDiscoverer/SCAN]: Found mod file "moredragoneggs-5.0.jar" [locator: {mods folder locator at /workspaces/minecraft/mods}, reader: mod manifest]
[27Oct2024 06:49:11.647] [main/INFO] [net.neoforged.fml.loading.moddiscovery.ModDiscoverer/SCAN]: Found mod file "morered-1.21.1-6.0.0.3.jar" [locator: {mods folder locator at /workspaces/minecraft/mods}, reader: mod manifest]
[27Oct2024 06:49:11.648] [main/INFO] [net.neoforged.fml.loading.moddiscovery.ModDiscoverer/SCAN]: Found mod file "MoreRed-CCT-Compat-1.21.1-1.1.0.jar" [locator: {mods folder locator at /workspaces/minecraft/mods}, reader: mod manifest]
[27Oct2024 06:49:11.649] [main/INFO] [net.neoforged.fml.loading.moddiscovery.ModDiscoverer/SCAN]: Found mod file "mostructures-neoforge-1.5.0+1.21.jar" [locator: {mods folder locator at /workspaces/minecraft/mods}, reader: mod manifest]
[27Oct2024 06:49:11.650] [main/INFO] [net.neoforged.fml.loading.moddiscovery.ModDiscoverer/SCAN]: Found mod file "MouseTweaks-neoforge-mc1.21-2.26.1.jar" [locator: {mods folder locator at /workspaces/minecraft/mods}, reader: mod manifest]
[27Oct2024 06:49:11.652] [main/INFO] [net.neoforged.fml.loading.moddiscovery.ModDiscoverer/SCAN]: Found mod file "multipiston-1.2.51-1.21.1-snapshot.jar" [locator: {mods folder locator at /workspaces/minecraft/mods}, reader: mod manifest]
[27Oct2024 06:49:11.653] [main/INFO] [net.neoforged.fml.loading.moddiscovery.ModDiscoverer/SCAN]: Found mod file "MysticalAgradditions-1.21.1-8.0.1.jar" [locator: {mods folder locator at /workspaces/minecraft/mods}, reader: mod manifest]
[27Oct2024 06:49:11.656] [main/INFO] [net.neoforged.fml.loading.moddiscovery.ModDiscoverer/SCAN]: Found mod file "MysticalAgriculture-1.21.1-8.0.7.jar" [locator: {mods folder locator at /workspaces/minecraft/mods}, reader: mod manifest]
[27Oct2024 06:49:11.657] [main/INFO] [net.neoforged.fml.loading.moddiscovery.ModDiscoverer/SCAN]: Found mod file "MysticalCustomization-1.21.1-6.0.0.jar" [locator: {mods folder locator at /workspaces/minecraft/mods}, reader: mod manifest]
[27Oct2024 06:49:11.659] [main/INFO] [net.neoforged.fml.loading.moddiscovery.ModDiscoverer/SCAN]: Found mod file "NaturesAura-41.3.jar" [locator: {mods folder locator at /workspaces/minecraft/mods}, reader: mod manifest]
[27Oct2024 06:49:11.661] [main/INFO] [net.neoforged.fml.loading.moddiscovery.ModDiscoverer/SCAN]: Found mod file "NaturesCompass-1.21.1-3.0.3-neoforge.jar" [locator: {mods folder locator at /workspaces/minecraft/mods}, reader: mod manifest]
[27Oct2024 06:49:11.662] [main/INFO] [net.neoforged.fml.loading.moddiscovery.ModDiscoverer/SCAN]: Found mod file "netherportalfix-neoforge-1.21.1-21.1.1.jar" [locator: {mods folder locator at /workspaces/minecraft/mods}, reader: mod manifest]
[27Oct2024 06:49:11.663] [main/INFO] [net.neoforged.fml.loading.moddiscovery.ModDiscoverer/SCAN]: Found mod file "NoChatReports-NEOFORGE-1.21-v2.8.0.jar" [locator: {mods folder locator at /workspaces/minecraft/mods}, reader: mod manifest]
[27Oct2024 06:49:11.664] [main/INFO] [net.neoforged.fml.loading.moddiscovery.ModDiscoverer/SCAN]: Found mod file "noisium-neoforge-2.3.0+mc1.21-1.21.1.jar" [locator: {mods folder locator at /workspaces/minecraft/mods}, reader: mod manifest]
[27Oct2024 06:49:11.665] [main/INFO] [net.neoforged.fml.loading.moddiscovery.ModDiscoverer/SCAN]: Found mod file "novillagerdm-1.21.1-6.0.0.jar" [locator: {mods folder locator at /workspaces/minecraft/mods}, reader: mod manifest]
[27Oct2024 06:49:11.666] [main/INFO] [net.neoforged.fml.loading.moddiscovery.ModDiscoverer/SCAN]: Found mod file "Nullscape_1.21.x_v1.2.8.jar" [locator: {mods folder locator at /workspaces/minecraft/mods}, reader: mod manifest]
[27Oct2024 06:49:11.667] [main/INFO] [net.neoforged.fml.loading.moddiscovery.ModDiscoverer/SCAN]: Found mod file "observable-5.4.3.jar" [locator: {mods folder locator at /workspaces/minecraft/mods}, reader: mod manifest]
[27Oct2024 06:49:11.669] [main/INFO] [net.neoforged.fml.loading.moddiscovery.ModDiscoverer/SCAN]: Found mod file "occultism-1.21.1-neoforge-1.162.0.jar" [locator: {mods folder locator at /workspaces/minecraft/mods}, reader: mod manifest]
[27Oct2024 06:49:11.670] [main/INFO] [net.neoforged.fml.loading.moddiscovery.ModDiscoverer/SCAN]: Found mod file "OctoLib-NEOFORGE-0.4.2.jar" [locator: {mods folder locator at /workspaces/minecraft/mods}, reader: mod manifest]
[27Oct2024 06:49:11.675] [main/INFO] [net.neoforged.fml.loading.moddiscovery.ModDiscoverer/SCAN]: Found mod file "Oh-The-Biomes-Weve-Gone-NeoForge-2.1.5.jar" [locator: {mods folder locator at /workspaces/minecraft/mods}, reader: mod manifest]
[27Oct2024 06:49:11.676] [main/INFO] [net.neoforged.fml.loading.moddiscovery.ModDiscoverer/SCAN]: Found mod file "Oh-The-Trees-Youll-Grow-neoforge-1.21.1-5.0.3.jar" [locator: {mods folder locator at /workspaces/minecraft/mods}, reader: mod manifest]
[27Oct2024 06:49:11.677] [main/INFO] [net.neoforged.fml.loading.moddiscovery.ModDiscoverer/SCAN]: Found mod file "overloadedarmorbar-neoforge-1.21-2.jar" [locator: {mods folder locator at /workspaces/minecraft/mods}, reader: mod manifest]
[27Oct2024 06:49:11.679] [main/INFO] [net.neoforged.fml.loading.moddiscovery.ModDiscoverer/SCAN]: Found mod file "pamhc2crops-NEOFORGE-1.21.0-1.0.0.jar" [locator: {mods folder locator at /workspaces/minecraft/mods}, reader: mod manifest]
[27Oct2024 06:49:11.681] [main/INFO] [net.neoforged.fml.loading.moddiscovery.ModDiscoverer/SCAN]: Found mod file "pamhc2foodcore-NEOFORGE-1.21.0-1.0.0.jar" [locator: {mods folder locator at /workspaces/minecraft/mods}, reader: mod manifest]
[27Oct2024 06:49:11.684] [main/INFO] [net.neoforged.fml.loading.moddiscovery.ModDiscoverer/SCAN]: Found mod file "pamhc2foodextended-NEOFORGE-1.21.0-1.0.0.jar" [locator: {mods folder locator at /workspaces/minecraft/mods}, reader: mod manifest]
[27Oct2024 06:49:11.686] [main/INFO] [net.neoforged.fml.loading.moddiscovery.ModDiscoverer/SCAN]: Found mod file "pamhc2trees-NEOFORGE-1.21.0-1.0.1.jar" [locator: {mods folder locator at /workspaces/minecraft/mods}, reader: mod manifest]
[27Oct2024 06:49:11.687] [main/INFO] [net.neoforged.fml.loading.moddiscovery.ModDiscoverer/SCAN]: Found mod file "Patchouli-1.21-87-NEOFORGE.jar" [locator: {mods folder locator at /workspaces/minecraft/mods}, reader: mod manifest]
[27Oct2024 06:49:11.688] [main/INFO] [net.neoforged.fml.loading.moddiscovery.ModDiscoverer/SCAN]: Found mod file "pipez-neoforge-1.21.1-1.2.19.jar" [locator: {mods folder locator at /workspaces/minecraft/mods}, reader: mod manifest]
[27Oct2024 06:49:11.689] [main/INFO] [net.neoforged.fml.loading.moddiscovery.ModDiscoverer/SCAN]: Found mod file "Placebo-1.21.1-9.5.3.jar" [locator: {mods folder locator at /workspaces/minecraft/mods}, reader: mod manifest]
[27Oct2024 06:49:11.690] [main/INFO] [net.neoforged.fml.loading.moddiscovery.ModDiscoverer/SCAN]: Found mod file "player-animation-lib-forge-2.0.0-alpha1+1.21.jar" [locator: {mods folder locator at /workspaces/minecraft/mods}, reader: mod manifest]
[27Oct2024 06:49:11.694] [main/INFO] [net.neoforged.fml.loading.moddiscovery.ModDiscoverer/SCAN]: Found mod file "pneumaticcraft-repressurized-8.2.0+mc1.21.1.jar" [locator: {mods folder locator at /workspaces/minecraft/mods}, reader: mod manifest]
[27Oct2024 06:49:11.695] [main/INFO] [net.neoforged.fml.loading.moddiscovery.ModDiscoverer/SCAN]: Found mod file "pocketstorage-1.2.4+1.21.1-b40.jar" [locator: {mods folder locator at /workspaces/minecraft/mods}, reader: mod manifest]
[27Oct2024 06:49:11.696] [main/INFO] [net.neoforged.fml.loading.moddiscovery.ModDiscoverer/SCAN]: Found mod file "polyeng-0.4.1.jar" [locator: {mods folder locator at /workspaces/minecraft/mods}, reader: mod manifest]
[27Oct2024 06:49:11.697] [main/INFO] [net.neoforged.fml.loading.moddiscovery.ModDiscoverer/SCAN]: Found mod file "polylib-2100.0.3-build.159-neoforge.jar" [locator: {mods folder locator at /workspaces/minecraft/mods}, reader: mod manifest]
[27Oct2024 06:49:11.699] [main/INFO] [net.neoforged.fml.loading.moddiscovery.ModDiscoverer/SCAN]: Found mod file "polymorph-neoforge-1.0.6+1.21.1.jar" [locator: {mods folder locator at /workspaces/minecraft/mods}, reader: mod manifest]
[27Oct2024 06:49:11.700] [main/INFO] [net.neoforged.fml.loading.moddiscovery.ModDiscoverer/SCAN]: Found mod file "Powah-6.1.2.jar" [locator: {mods folder locator at /workspaces/minecraft/mods}, reader: mod manifest]
[27Oct2024 06:49:11.701] [main/INFO] [net.neoforged.fml.loading.moddiscovery.ModDiscoverer/SCAN]: Found mod file "prickle-neoforge-1.21.1-21.1.5.jar" [locator: {mods folder locator at /workspaces/minecraft/mods}, reader: mod manifest]
[27Oct2024 06:49:11.704] [main/INFO] [net.neoforged.fml.loading.moddiscovery.ModDiscoverer/SCAN]: Found mod file "productivebees-1.21.1-13.6.1.jar" [locator: {mods folder locator at /workspaces/minecraft/mods}, reader: mod manifest]
[27Oct2024 06:49:11.713] [main/INFO] [net.neoforged.fml.loading.moddiscovery.ModDiscoverer/SCAN]: Found mod file "productivetrees-1.21.1-0.5.4.jar" [locator: {mods folder locator at /workspaces/minecraft/mods}, reader: mod manifest]
[27Oct2024 06:49:11.714] [main/INFO] [net.neoforged.fml.loading.moddiscovery.ModDiscoverer/SCAN]: Found mod file "pylons-1.21.1-5.1.0.jar" [locator: {mods folder locator at /workspaces/minecraft/mods}, reader: mod manifest]
[27Oct2024 06:49:11.717] [main/INFO] [net.neoforged.fml.loading.moddiscovery.ModDiscoverer/SCAN]: Found mod file "railcraft-reborn-1.21.1-1.2.2.jar" [locator: {mods folder locator at /workspaces/minecraft/mods}, reader: mod manifest]
[27Oct2024 06:49:11.718] [main/INFO] [net.neoforged.fml.loading.moddiscovery.ModDiscoverer/SCAN]: Found mod file "rangedpumps-1.3.0.jar" [locator: {mods folder locator at /workspaces/minecraft/mods}, reader: mod manifest]
[27Oct2024 06:49:11.719] [main/INFO] [net.neoforged.fml.loading.moddiscovery.ModDiscoverer/SCAN]: Found mod file "rarcompat-1.21-0.4.1.jar" [locator: {mods folder locator at /workspaces/minecraft/mods}, reader: mod manifest]
[27Oct2024 06:49:11.720] [main/INFO] [net.neoforged.fml.loading.moddiscovery.ModDiscoverer/SCAN]: Found mod file "reap-neoforge-1.21.1-1.1.2.jar" [locator: {mods folder locator at /workspaces/minecraft/mods}, reader: mod manifest]
[27Oct2024 06:49:11.723] [main/INFO] [net.neoforged.fml.loading.moddiscovery.ModDiscoverer/SCAN]: Found mod file "rechiseled-1.1.6a-neoforge-mc1.21.jar" [locator: {mods folder locator at /workspaces/minecraft/mods}, reader: mod manifest]
[27Oct2024 06:49:11.724] [main/INFO] [net.neoforged.fml.loading.moddiscovery.ModDiscoverer/SCAN]: Found mod file "rechiseled_chipped-1.2.jar" [locator: {mods folder locator at /workspaces/minecraft/mods}, reader: mod manifest]
[27Oct2024 06:49:11.730] [main/INFO] [net.neoforged.fml.loading.moddiscovery.ModDiscoverer/SCAN]: Found mod file "redstonepen-1.21-neoforge-1.11.41.jar" [locator: {mods folder locator at /workspaces/minecraft/mods}, reader: mod manifest]
[27Oct2024 06:49:11.734] [main/INFO] [net.neoforged.fml.loading.moddiscovery.ModDiscoverer/SCAN]: Found mod file "refurbished_furniture-neoforge-1.21.1-1.0.6.jar" [locator: {mods folder locator at /workspaces/minecraft/mods}, reader: mod manifest]
[27Oct2024 06:49:11.738] [main/INFO] [net.neoforged.fml.loading.moddiscovery.ModDiscoverer/SCAN]: Found mod file "RegionsUnexploredNeoforge-0.5.6.1+1.21.jar" [locator: {mods folder locator at /workspaces/minecraft/mods}, reader: mod manifest]
[27Oct2024 06:49:11.740] [main/INFO] [net.neoforged.fml.loading.moddiscovery.ModDiscoverer/SCAN]: Found mod file "relics-1.21-0.9.1.1.jar" [locator: {mods folder locator at /workspaces/minecraft/mods}, reader: mod manifest]
[27Oct2024 06:49:11.741] [main/INFO] [net.neoforged.fml.loading.moddiscovery.ModDiscoverer/SCAN]: Found mod file "repeatable_trial_vaults-neoforge-1.21-1.0.2.jar" [locator: {mods folder locator at /workspaces/minecraft/mods}, reader: mod manifest]
[27Oct2024 06:49:11.745] [main/INFO] [net.neoforged.fml.loading.moddiscovery.ModDiscoverer/SCAN]: Found mod file "repurposed_structures-7.5.10+1.21.1-neoforge.jar" [locator: {mods folder locator at /workspaces/minecraft/mods}, reader: mod manifest]
[27Oct2024 06:49:11.746] [main/INFO] [net.neoforged.fml.loading.moddiscovery.ModDiscoverer/SCAN]: Found mod file "resourcefulconfig-neoforge-1.21-3.0.4.jar" [locator: {mods folder locator at /workspaces/minecraft/mods}, reader: mod manifest]
[27Oct2024 06:49:11.747] [main/INFO] [net.neoforged.fml.loading.moddiscovery.ModDiscoverer/SCAN]: Found mod file "resourcefullib-neoforge-1.21-3.0.11.jar" [locator: {mods folder locator at /workspaces/minecraft/mods}, reader: mod manifest]
[27Oct2024 06:49:11.748] [main/INFO] [net.neoforged.fml.loading.moddiscovery.ModDiscoverer/SCAN]: Found mod file "rhino-2101.2.5-build.54.jar" [locator: {mods folder locator at /workspaces/minecraft/mods}, reader: mod manifest]
[27Oct2024 06:49:11.749] [main/INFO] [net.neoforged.fml.loading.moddiscovery.ModDiscoverer/SCAN]: Found mod file "RootsClassic-1.21.1-1.5.4.jar" [locator: {mods folder locator at /workspaces/minecraft/mods}, reader: mod manifest]
[27Oct2024 06:49:11.750] [main/INFO] [net.neoforged.fml.loading.moddiscovery.ModDiscoverer/SCAN]: Found mod file "sawmill-1.21-1.5.9-neoforge.jar" [locator: {mods folder locator at /workspaces/minecraft/mods}, reader: mod manifest]
[27Oct2024 06:49:11.795] [main/INFO] [net.neoforged.fml.loading.moddiscovery.ModDiscoverer/SCAN]: Found library file "ScalableCatsForce-NeoForge-3.5.1-build-2-with-library.jar" [locator: {mods folder locator at /workspaces/minecraft/mods}, reader: mod manifest]
[27Oct2024 06:49:11.796] [main/INFO] [net.neoforged.fml.loading.moddiscovery.ModDiscoverer/SCAN]: Found mod file "Searchables-neoforge-1.21.1-1.0.2.jar" [locator: {mods folder locator at /workspaces/minecraft/mods}, reader: mod manifest]
[27Oct2024 06:49:11.797] [main/INFO] [net.neoforged.fml.loading.moddiscovery.ModDiscoverer/SCAN]: Found mod file "showcaseitem-1.21-1.0.0.jar" [locator: {mods folder locator at /workspaces/minecraft/mods}, reader: mod manifest]
[27Oct2024 06:49:11.798] [main/INFO] [net.neoforged.fml.loading.moddiscovery.ModDiscoverer/SCAN]: Found mod file "shrink-2.0.0.43-neoforge.jar" [locator: {mods folder locator at /workspaces/minecraft/mods}, reader: mod manifest]
[27Oct2024 06:49:11.801] [main/INFO] [net.neoforged.fml.loading.moddiscovery.ModDiscoverer/SCAN]: Found mod file "silent-gear-1.21.1-neoforge-4.0.6.jar" [locator: {mods folder locator at /workspaces/minecraft/mods}, reader: mod manifest]
[27Oct2024 06:49:11.802] [main/INFO] [net.neoforged.fml.loading.moddiscovery.ModDiscoverer/SCAN]: Found mod file "silent-lib-1.21-neoforge-10.3.0.jar" [locator: {mods folder locator at /workspaces/minecraft/mods}, reader: mod manifest]
[27Oct2024 06:49:11.803] [main/INFO] [net.neoforged.fml.loading.moddiscovery.ModDiscoverer/SCAN]: Found mod file "simplemagnets-1.1.12-neoforge-mc1.21.jar" [locator: {mods folder locator at /workspaces/minecraft/mods}, reader: mod manifest]
[27Oct2024 06:49:11.804] [main/INFO] [net.neoforged.fml.loading.moddiscovery.ModDiscoverer/SCAN]: Found mod file "simplylight-1.4.6+1.21-b53.jar" [locator: {mods folder locator at /workspaces/minecraft/mods}, reader: mod manifest]
[27Oct2024 06:49:11.806] [main/INFO] [net.neoforged.fml.loading.moddiscovery.ModDiscoverer/SCAN]: Found mod file "SmartBrainLib-neoforge-1.21.1-1.16.1.jar" [locator: {mods folder locator at /workspaces/minecraft/mods}, reader: mod manifest]
[27Oct2024 06:49:11.808] [main/INFO] [net.neoforged.fml.loading.moddiscovery.ModDiscoverer/SCAN]: Found mod file "sophisticatedbackpacks-1.21-3.20.17.1113.jar" [locator: {mods folder locator at /workspaces/minecraft/mods}, reader: mod manifest]
[27Oct2024 06:49:11.809] [main/INFO] [net.neoforged.fml.loading.moddiscovery.ModDiscoverer/SCAN]: Found mod file "sophisticatedcore-1.21-0.6.45.722.jar" [locator: {mods folder locator at /workspaces/minecraft/mods}, reader: mod manifest]
[27Oct2024 06:49:11.811] [main/INFO] [net.neoforged.fml.loading.moddiscovery.ModDiscoverer/SCAN]: Found mod file "sophisticatedstorage-1.21-0.10.45.910.jar" [locator: {mods folder locator at /workspaces/minecraft/mods}, reader: mod manifest]
[27Oct2024 06:49:11.813] [main/INFO] [net.neoforged.fml.loading.moddiscovery.ModDiscoverer/SCAN]: Found mod file "spark-1.10.109-neoforge.jar" [locator: {mods folder locator at /workspaces/minecraft/mods}, reader: mod manifest]
[27Oct2024 06:49:11.814] [main/INFO] [net.neoforged.fml.loading.moddiscovery.ModDiscoverer/SCAN]: Found mod file "storagedelight-24.09.11-1.21-neoforge.jar" [locator: {mods folder locator at /workspaces/minecraft/mods}, reader: mod manifest]
[27Oct2024 06:49:11.817] [main/INFO] [net.neoforged.fml.loading.moddiscovery.ModDiscoverer/SCAN]: Found mod file "Structory_1.21.x_v1.3.6.jar" [locator: {mods folder locator at /workspaces/minecraft/mods}, reader: mod manifest]
[27Oct2024 06:49:11.818] [main/INFO] [net.neoforged.fml.loading.moddiscovery.ModDiscoverer/SCAN]: Found mod file "Structory_Towers_1.21.x_v1.0.8.jar" [locator: {mods folder locator at /workspaces/minecraft/mods}, reader: mod manifest]
[27Oct2024 06:49:11.819] [main/INFO] [net.neoforged.fml.loading.moddiscovery.ModDiscoverer/SCAN]: Found mod file "structurize-1.0.752-1.21.1-snapshot.jar" [locator: {mods folder locator at /workspaces/minecraft/mods}, reader: mod manifest]
[27Oct2024 06:49:11.823] [main/INFO] [net.neoforged.fml.loading.moddiscovery.ModDiscoverer/SCAN]: Found mod file "stylecolonies-1.10-1.21.jar" [locator: {mods folder locator at /workspaces/minecraft/mods}, reader: mod manifest]
[27Oct2024 06:49:11.824] [main/INFO] [net.neoforged.fml.loading.moddiscovery.ModDiscoverer/SCAN]: Found mod file "Super Factory Manager-1.21.1-4.19.0.jar" [locator: {mods folder locator at /workspaces/minecraft/mods}, reader: mod manifest]
[27Oct2024 06:49:11.825] [main/INFO] [net.neoforged.fml.loading.moddiscovery.ModDiscoverer/SCAN]: Found mod file "supermartijn642configlib-1.1.8-neoforge-mc1.21.jar" [locator: {mods folder locator at /workspaces/minecraft/mods}, reader: mod manifest]
[27Oct2024 06:49:11.827] [main/INFO] [net.neoforged.fml.loading.moddiscovery.ModDiscoverer/SCAN]: Found mod file "supermartijn642corelib-1.1.17i-neoforge-mc1.21.jar" [locator: {mods folder locator at /workspaces/minecraft/mods}, reader: mod manifest]
[27Oct2024 06:49:11.829] [main/INFO] [net.neoforged.fml.loading.moddiscovery.ModDiscoverer/SCAN]: Found mod file "sushigocrafting-1.21-0.6.3.jar" [locator: {mods folder locator at /workspaces/minecraft/mods}, reader: mod manifest]
[27Oct2024 06:49:11.830] [main/INFO] [net.neoforged.fml.loading.moddiscovery.ModDiscoverer/SCAN]: Found mod file "sussysniffers-1.21.1-0.1.1.jar" [locator: {mods folder locator at /workspaces/minecraft/mods}, reader: mod manifest]
[27Oct2024 06:49:11.833] [main/INFO] [net.neoforged.fml.loading.moddiscovery.ModDiscoverer/SCAN]: Found mod file "t_and_t-neoforge-fabric-1.13.2.jar" [locator: {mods folder locator at /workspaces/minecraft/mods}, reader: mod manifest]
[27Oct2024 06:49:11.834] [main/INFO] [net.neoforged.fml.loading.moddiscovery.ModDiscoverer/SCAN]: Found mod file "TerraBlender-neoforge-1.21.1-4.1.0.0.jar" [locator: {mods folder locator at /workspaces/minecraft/mods}, reader: mod manifest]
[27Oct2024 06:49:11.835] [main/INFO] [net.neoforged.fml.loading.moddiscovery.ModDiscoverer/SCAN]: Found mod file "tesseract-neoforge-1.5.4-beta-1.21.1.jar" [locator: {mods folder locator at /workspaces/minecraft/mods}, reader: mod manifest]
[27Oct2024 06:49:11.840] [main/INFO] [net.neoforged.fml.loading.moddiscovery.ModDiscoverer/SCAN]: Found mod file "the_bumblezone-7.7.4+1.21.1-neoforge.jar" [locator: {mods folder locator at /workspaces/minecraft/mods}, reader: mod manifest]
[27Oct2024 06:49:11.842] [main/INFO] [net.neoforged.fml.loading.moddiscovery.ModDiscoverer/SCAN]: Found mod file "The_Undergarden-1.21.1-0.8.22.jar" [locator: {mods folder locator at /workspaces/minecraft/mods}, reader: mod manifest]
[27Oct2024 06:49:11.845] [main/INFO] [net.neoforged.fml.loading.moddiscovery.ModDiscoverer/SCAN]: Found mod file "theurgy-1.21.1-neoforge-1.56.0.jar" [locator: {mods folder locator at /workspaces/minecraft/mods}, reader: mod manifest]
[27Oct2024 06:49:11.847] [main/INFO] [net.neoforged.fml.loading.moddiscovery.ModDiscoverer/SCAN]: Found mod file "titanium-1.21-4.0.21.jar" [locator: {mods folder locator at /workspaces/minecraft/mods}, reader: mod manifest]
[27Oct2024 06:49:11.849] [main/INFO] [net.neoforged.fml.loading.moddiscovery.ModDiscoverer/SCAN]: Found mod file "tombstone-neoforge-1.21.1-9.1.2.jar" [locator: {mods folder locator at /workspaces/minecraft/mods}, reader: mod manifest]
[27Oct2024 06:49:11.850] [main/INFO] [net.neoforged.fml.loading.moddiscovery.ModDiscoverer/SCAN]: Found mod file "ToolBelt-1.21-2.2.3.jar" [locator: {mods folder locator at /workspaces/minecraft/mods}, reader: mod manifest]
[27Oct2024 06:49:11.851] [main/INFO] [net.neoforged.fml.loading.moddiscovery.ModDiscoverer/SCAN]: Found mod file "torchmaster-neoforge-1.21.1-21.1.5-beta.jar" [locator: {mods folder locator at /workspaces/minecraft/mods}, reader: mod manifest]
[27Oct2024 06:49:11.854] [main/INFO] [net.neoforged.fml.loading.moddiscovery.ModDiscoverer/SCAN]: Found mod file "towntalk-1.2.0.jar" [locator: {mods folder locator at /workspaces/minecraft/mods}, reader: mod manifest]
[27Oct2024 06:49:11.856] [main/INFO] [net.neoforged.fml.loading.moddiscovery.ModDiscoverer/SCAN]: Found mod file "trashcans-1.0.18b-neoforge-mc1.21.jar" [locator: {mods folder locator at /workspaces/minecraft/mods}, reader: mod manifest]
[27Oct2024 06:49:11.857] [main/INFO] [net.neoforged.fml.loading.moddiscovery.ModDiscoverer/SCAN]: Found mod file "trashslot-neoforge-1.21.1-21.1.1.jar" [locator: {mods folder locator at /workspaces/minecraft/mods}, reader: mod manifest]
[27Oct2024 06:49:11.858] [main/INFO] [net.neoforged.fml.loading.moddiscovery.ModDiscoverer/SCAN]: Found mod file "trophymanager-1.21.1-2.1.9.jar" [locator: {mods folder locator at /workspaces/minecraft/mods}, reader: mod manifest]
[27Oct2024 06:49:11.859] [main/INFO] [net.neoforged.fml.loading.moddiscovery.ModDiscoverer/SCAN]: Found mod file "UndergroundBunkers-1.0.4-1.21.x-neoforge.jar" [locator: {mods folder locator at /workspaces/minecraft/mods}, reader: mod manifest]
[27Oct2024 06:49:11.861] [main/INFO] [net.neoforged.fml.loading.moddiscovery.ModDiscoverer/SCAN]: Found mod file "UndergroundVillages-neoforge-1.21-4.0.0.jar" [locator: {mods folder locator at /workspaces/minecraft/mods}, reader: mod manifest]
[27Oct2024 06:49:11.861] [main/INFO] [net.neoforged.fml.loading.moddiscovery.ModDiscoverer/SCAN]: Found mod file "utilitarian-1.21.1-0.13.3.jar" [locator: {mods folder locator at /workspaces/minecraft/mods}, reader: mod manifest]
[27Oct2024 06:49:11.862] [main/INFO] [net.neoforged.fml.loading.moddiscovery.ModDiscoverer/SCAN]: Found mod file "valhelsia_core-neoforge-1.21-1.1.3.jar" [locator: {mods folder locator at /workspaces/minecraft/mods}, reader: mod manifest]
[27Oct2024 06:49:11.863] [main/INFO] [net.neoforged.fml.loading.moddiscovery.ModDiscoverer/SCAN]: Found mod file "villagesandpillages-neoforge-mc1.21.1-1.0.1.jar" [locator: {mods folder locator at /workspaces/minecraft/mods}, reader: mod manifest]
[27Oct2024 06:49:11.864] [main/INFO] [net.neoforged.fml.loading.moddiscovery.ModDiscoverer/SCAN]: Found mod file "waystones-neoforge-1.21.1-21.1.4.jar" [locator: {mods folder locator at /workspaces/minecraft/mods}, reader: mod manifest]
[27Oct2024 06:49:11.865] [main/INFO] [net.neoforged.fml.loading.moddiscovery.ModDiscoverer/SCAN]: Found mod file "wirelesschargers-1.0.9a-neoforge-mc1.21.jar" [locator: {mods folder locator at /workspaces/minecraft/mods}, reader: mod manifest]
[27Oct2024 06:49:11.866] [main/INFO] [net.neoforged.fml.loading.moddiscovery.ModDiscoverer/SCAN]: Found mod file "WitherSkeletonTweaks-1.21.1-10.0.2.jar" [locator: {mods folder locator at /workspaces/minecraft/mods}, reader: mod manifest]
[27Oct2024 06:49:11.868] [main/INFO] [net.neoforged.fml.loading.moddiscovery.ModDiscoverer/SCAN]: Found mod file "xtonesreworked-1.1.0-NF-1.21_21.0.167.jar" [locator: {mods folder locator at /workspaces/minecraft/mods}, reader: mod manifest]
[27Oct2024 06:49:11.869] [main/INFO] [net.neoforged.fml.loading.moddiscovery.ModDiscoverer/SCAN]: Found mod file "xycraft_core-0.7.45-all.jar" [locator: {mods folder locator at /workspaces/minecraft/mods}, reader: mod manifest]
[27Oct2024 06:49:11.871] [main/INFO] [net.neoforged.fml.loading.moddiscovery.ModDiscoverer/SCAN]: Found mod file "xycraft_machines-0.7.45.jar" [locator: {mods folder locator at /workspaces/minecraft/mods}, reader: mod manifest]
[27Oct2024 06:49:11.872] [main/INFO] [net.neoforged.fml.loading.moddiscovery.ModDiscoverer/SCAN]: Found mod file "xycraft_override-0.7.45.jar" [locator: {mods folder locator at /workspaces/minecraft/mods}, reader: mod manifest]
[27Oct2024 06:49:11.874] [main/INFO] [net.neoforged.fml.loading.moddiscovery.ModDiscoverer/SCAN]: Found mod file "xycraft_world-0.7.45.jar" [locator: {mods folder locator at /workspaces/minecraft/mods}, reader: mod manifest]
[27Oct2024 06:49:11.875] [main/INFO] [net.neoforged.fml.loading.moddiscovery.ModDiscoverer/SCAN]: Found mod file "yeetusexperimentus-neoforge-87.0.0.jar" [locator: {mods folder locator at /workspaces/minecraft/mods}, reader: mod manifest]
[27Oct2024 06:49:11.875] [main/INFO] [net.neoforged.fml.loading.moddiscovery.ModDiscoverer/SCAN]: Found mod file "yesstevemodel-neoforge-1.21-2.2.2.jar" [locator: {mods folder locator at /workspaces/minecraft/mods}, reader: mod manifest]
[27Oct2024 06:49:11.876] [main/INFO] [net.neoforged.fml.loading.moddiscovery.ModDiscoverer/SCAN]: Found mod file "YetAnotherConfigLib-3.5.0+1.21-neoforge.jar" [locator: {mods folder locator at /workspaces/minecraft/mods}, reader: mod manifest]
[27Oct2024 06:49:11.877] [main/INFO] [net.neoforged.fml.loading.moddiscovery.ModDiscoverer/SCAN]: Found mod file "YungsApi-1.21.1-NeoForge-5.1.2.jar" [locator: {mods folder locator at /workspaces/minecraft/mods}, reader: mod manifest]
[27Oct2024 06:49:11.878] [main/INFO] [net.neoforged.fml.loading.moddiscovery.ModDiscoverer/SCAN]: Found mod file "YungsBetterDesertTemples-1.21.1-NeoForge-4.1.2.jar" [locator: {mods folder locator at /workspaces/minecraft/mods}, reader: mod manifest]
[27Oct2024 06:49:11.879] [main/INFO] [net.neoforged.fml.loading.moddiscovery.ModDiscoverer/SCAN]: Found mod file "YungsBetterDungeons-1.21.1-NeoForge-5.1.2.jar" [locator: {mods folder locator at /workspaces/minecraft/mods}, reader: mod manifest]
[27Oct2024 06:49:11.880] [main/INFO] [net.neoforged.fml.loading.moddiscovery.ModDiscoverer/SCAN]: Found mod file "YungsBetterEndIsland-1.21.1-NeoForge-3.1.1.jar" [locator: {mods folder locator at /workspaces/minecraft/mods}, reader: mod manifest]
[27Oct2024 06:49:11.882] [main/INFO] [net.neoforged.fml.loading.moddiscovery.ModDiscoverer/SCAN]: Found mod file "YungsBetterJungleTemples-1.21.1-NeoForge-3.1.1.jar" [locator: {mods folder locator at /workspaces/minecraft/mods}, reader: mod manifest]
[27Oct2024 06:49:11.883] [main/INFO] [net.neoforged.fml.loading.moddiscovery.ModDiscoverer/SCAN]: Found mod file "YungsBetterMineshafts-1.21.1-NeoForge-5.1.1.jar" [locator: {mods folder locator at /workspaces/minecraft/mods}, reader: mod manifest]
[27Oct2024 06:49:11.884] [main/INFO] [net.neoforged.fml.loading.moddiscovery.ModDiscoverer/SCAN]: Found mod file "YungsBetterNetherFortresses-1.21.1-NeoForge-3.1.2.jar" [locator: {mods folder locator at /workspaces/minecraft/mods}, reader: mod manifest]
[27Oct2024 06:49:11.886] [main/INFO] [net.neoforged.fml.loading.moddiscovery.ModDiscoverer/SCAN]: Found mod file "YungsBetterOceanMonuments-1.21.1-NeoForge-4.1.1.jar" [locator: {mods folder locator at /workspaces/minecraft/mods}, reader: mod manifest]
[27Oct2024 06:49:11.887] [main/INFO] [net.neoforged.fml.loading.moddiscovery.ModDiscoverer/SCAN]: Found mod file "YungsBetterStrongholds-1.21.1-NeoForge-5.1.2.jar" [locator: {mods folder locator at /workspaces/minecraft/mods}, reader: mod manifest]
[27Oct2024 06:49:11.888] [main/INFO] [net.neoforged.fml.loading.moddiscovery.ModDiscoverer/SCAN]: Found mod file "YungsBetterWitchHuts-1.21.1-NeoForge-4.1.1.jar" [locator: {mods folder locator at /workspaces/minecraft/mods}, reader: mod manifest]
[27Oct2024 06:49:11.889] [main/INFO] [net.neoforged.fml.loading.moddiscovery.ModDiscoverer/SCAN]: Found mod file "YungsExtras-1.21.1-NeoForge-5.1.1.jar" [locator: {mods folder locator at /workspaces/minecraft/mods}, reader: mod manifest]
[27Oct2024 06:49:11.890] [main/INFO] [net.neoforged.fml.loading.moddiscovery.ModDiscoverer/SCAN]: Found mod file "ZeroCore2-1.21.1-2.4.11.jar" [locator: {mods folder locator at /workspaces/minecraft/mods}, reader: mod manifest]
